
*** Running vivado
    with args -log topLevel.vdi -applog -m64 -product Vivado -messageDb vivado.pb -mode batch -source topLevel.tcl -notrace


****** Vivado v2024.1 (64-bit)
  **** SW Build 5076996 on Wed May 22 18:36:09 MDT 2024
  **** IP Build 5075265 on Wed May 22 21:45:21 MDT 2024
  **** SharedData Build 5076995 on Wed May 22 18:29:18 MDT 2024
  **** Start of session at: Mon Nov 18 19:10:37 2024
    ** Copyright 1986-2022 Xilinx, Inc. All Rights Reserved.
    ** Copyright 2022-2024 Advanced Micro Devices, Inc. All Rights Reserved.

source topLevel.tcl -notrace
create_project: Time (s): cpu = 00:00:09 ; elapsed = 00:00:09 . Memory (MB): peak = 1416.930 ; gain = 0.027 ; free physical = 1567 ; free virtual = 8254
Command: link_design -top topLevel -part xc7a100tcsg324-1
Design is defaulting to srcset: sources_1
Design is defaulting to constrset: constrs_1
INFO: [Device 21-403] Loading part xc7a100tcsg324-1
INFO: [Device 21-9227] Part: xc7a100tcsg324-1 does not have CEAM library.
Netlist sorting complete. Time (s): cpu = 00:00:00 ; elapsed = 00:00:00 . Memory (MB): peak = 1731.906 ; gain = 0.000 ; free physical = 1263 ; free virtual = 7954
INFO: [Project 1-479] Netlist was created with Vivado 2024.1
INFO: [Project 1-570] Preparing netlist for logic optimization
Parsing XDC File [/home/bee/Projects/16BitCPU/16BitCPU/16BitCPU.srcs/constrs_1/imports/givenSources/Nexys4DDR_Master.xdc]
Finished Parsing XDC File [/home/bee/Projects/16BitCPU/16BitCPU/16BitCPU.srcs/constrs_1/imports/givenSources/Nexys4DDR_Master.xdc]
INFO: [Opt 31-138] Pushed 0 inverter(s) to 0 load pin(s).
Netlist sorting complete. Time (s): cpu = 00:00:00 ; elapsed = 00:00:00 . Memory (MB): peak = 1923.484 ; gain = 0.000 ; free physical = 1145 ; free virtual = 7836
INFO: [Project 1-111] Unisim Transformation Summary:
No Unisim elements were transformed.

6 Infos, 0 Warnings, 0 Critical Warnings and 0 Errors encountered.
link_design completed successfully
link_design: Time (s): cpu = 00:00:06 ; elapsed = 00:00:07 . Memory (MB): peak = 1923.484 ; gain = 506.555 ; free physical = 1145 ; free virtual = 7836
Command: opt_design
Attempting to get a license for feature 'Implementation' and/or device 'xc7a100t'
INFO: [Common 17-349] Got license for feature 'Implementation' and/or device 'xc7a100t'
Running DRC as a precondition to command opt_design

Starting DRC Task
INFO: [DRC 23-27] Running DRC with 4 threads
INFO: [Project 1-461] DRC finished with 0 Errors
INFO: [Project 1-462] Please refer to the DRC report (report_drc) for more information.

Time (s): cpu = 00:00:01 ; elapsed = 00:00:00.84 . Memory (MB): peak = 1929.094 ; gain = 5.609 ; free physical = 1130 ; free virtual = 7821

Starting Cache Timing Information Task
INFO: [Timing 38-35] Done setting XDC timing constraints.
Ending Cache Timing Information Task | Checksum: 1b0ad3082

Time (s): cpu = 00:00:08 ; elapsed = 00:00:08 . Memory (MB): peak = 2381.922 ; gain = 452.828 ; free physical = 717 ; free virtual = 7424

Starting Logic Optimization Task

Phase 1 Initialization

Phase 1.1 Core Generation And Design Setup
Phase 1.1 Core Generation And Design Setup | Checksum: 1b0ad3082

Time (s): cpu = 00:00:00 ; elapsed = 00:00:00 . Memory (MB): peak = 2692.758 ; gain = 0.000 ; free physical = 399 ; free virtual = 7097

Phase 1.2 Setup Constraints And Sort Netlist
Phase 1.2 Setup Constraints And Sort Netlist | Checksum: 1b0ad3082

Time (s): cpu = 00:00:00 ; elapsed = 00:00:00 . Memory (MB): peak = 2692.758 ; gain = 0.000 ; free physical = 399 ; free virtual = 7097
Phase 1 Initialization | Checksum: 1b0ad3082

Time (s): cpu = 00:00:00 ; elapsed = 00:00:00.01 . Memory (MB): peak = 2692.758 ; gain = 0.000 ; free physical = 399 ; free virtual = 7097

Phase 2 Timer Update And Timing Data Collection

Phase 2.1 Timer Update
Phase 2.1 Timer Update | Checksum: 1b0ad3082

Time (s): cpu = 00:00:00 ; elapsed = 00:00:00.01 . Memory (MB): peak = 2692.758 ; gain = 0.000 ; free physical = 399 ; free virtual = 7097

Phase 2.2 Timing Data Collection
Phase 2.2 Timing Data Collection | Checksum: 1b0ad3082

Time (s): cpu = 00:00:00.01 ; elapsed = 00:00:00.01 . Memory (MB): peak = 2692.758 ; gain = 0.000 ; free physical = 399 ; free virtual = 7097
Phase 2 Timer Update And Timing Data Collection | Checksum: 1b0ad3082

Time (s): cpu = 00:00:00.01 ; elapsed = 00:00:00.01 . Memory (MB): peak = 2692.758 ; gain = 0.000 ; free physical = 399 ; free virtual = 7097

Phase 3 Retarget
INFO: [Opt 31-1834] Total Chains To Be Transformed Were: 0 AND Number of Transformed insts Created are: 0
INFO: [Opt 31-138] Pushed 0 inverter(s) to 0 load pin(s).
INFO: [Opt 31-49] Retargeted 0 cell(s).
Phase 3 Retarget | Checksum: 1b0ad3082

Time (s): cpu = 00:00:00.02 ; elapsed = 00:00:00.03 . Memory (MB): peak = 2692.758 ; gain = 0.000 ; free physical = 399 ; free virtual = 7097
Retarget | Checksum: 1b0ad3082
INFO: [Opt 31-389] Phase Retarget created 0 cells and removed 0 cells

Phase 4 Constant propagation
INFO: [Opt 31-138] Pushed 0 inverter(s) to 0 load pin(s).
Phase 4 Constant propagation | Checksum: 1b0ad3082

Time (s): cpu = 00:00:00.02 ; elapsed = 00:00:00.03 . Memory (MB): peak = 2692.758 ; gain = 0.000 ; free physical = 399 ; free virtual = 7097
Constant propagation | Checksum: 1b0ad3082
INFO: [Opt 31-389] Phase Constant propagation created 0 cells and removed 0 cells

Phase 5 Sweep
Phase 5 Sweep | Checksum: 1b0ad3082

Time (s): cpu = 00:00:00.02 ; elapsed = 00:00:00.03 . Memory (MB): peak = 2692.758 ; gain = 0.000 ; free physical = 399 ; free virtual = 7097
Sweep | Checksum: 1b0ad3082
INFO: [Opt 31-389] Phase Sweep created 0 cells and removed 0 cells

Phase 6 BUFG optimization
Phase 6 BUFG optimization | Checksum: 1b0ad3082

Time (s): cpu = 00:00:00.02 ; elapsed = 00:00:00.04 . Memory (MB): peak = 2692.758 ; gain = 0.000 ; free physical = 399 ; free virtual = 7097
BUFG optimization | Checksum: 1b0ad3082
INFO: [Opt 31-662] Phase BUFG optimization created 0 cells of which 0 are BUFGs and removed 0 cells.

Phase 7 Shift Register Optimization
INFO: [Opt 31-1064] SRL Remap converted 0 SRLs to 0 registers and converted 0 registers of register chains to 0 SRLs
Phase 7 Shift Register Optimization | Checksum: 1b0ad3082

Time (s): cpu = 00:00:00.02 ; elapsed = 00:00:00.04 . Memory (MB): peak = 2692.758 ; gain = 0.000 ; free physical = 399 ; free virtual = 7097
Shift Register Optimization | Checksum: 1b0ad3082
INFO: [Opt 31-389] Phase Shift Register Optimization created 0 cells and removed 0 cells

Phase 8 Post Processing Netlist
Phase 8 Post Processing Netlist | Checksum: 1b0ad3082

Time (s): cpu = 00:00:00.03 ; elapsed = 00:00:00.04 . Memory (MB): peak = 2692.758 ; gain = 0.000 ; free physical = 399 ; free virtual = 7097
Post Processing Netlist | Checksum: 1b0ad3082
INFO: [Opt 31-389] Phase Post Processing Netlist created 0 cells and removed 0 cells

Phase 9 Finalization

Phase 9.1 Finalizing Design Cores and Updating Shapes
Phase 9.1 Finalizing Design Cores and Updating Shapes | Checksum: 1b0ad3082

Time (s): cpu = 00:00:00.03 ; elapsed = 00:00:00.04 . Memory (MB): peak = 2692.758 ; gain = 0.000 ; free physical = 399 ; free virtual = 7097

Phase 9.2 Verifying Netlist Connectivity

Starting Connectivity Check Task

Time (s): cpu = 00:00:00 ; elapsed = 00:00:00 . Memory (MB): peak = 2692.758 ; gain = 0.000 ; free physical = 399 ; free virtual = 7097
Phase 9.2 Verifying Netlist Connectivity | Checksum: 1b0ad3082

Time (s): cpu = 00:00:00.03 ; elapsed = 00:00:00.04 . Memory (MB): peak = 2692.758 ; gain = 0.000 ; free physical = 399 ; free virtual = 7097
Phase 9 Finalization | Checksum: 1b0ad3082

Time (s): cpu = 00:00:00.03 ; elapsed = 00:00:00.04 . Memory (MB): peak = 2692.758 ; gain = 0.000 ; free physical = 399 ; free virtual = 7097
Opt_design Change Summary
=========================


-------------------------------------------------------------------------------------------------------------------------
|  Phase                        |  #Cells created  |  #Cells Removed  |  #Constrained objects preventing optimizations  |
-------------------------------------------------------------------------------------------------------------------------
|  Retarget                     |               0  |               0  |                                              0  |
|  Constant propagation         |               0  |               0  |                                              0  |
|  Sweep                        |               0  |               0  |                                              0  |
|  BUFG optimization            |               0  |               0  |                                              0  |
|  Shift Register Optimization  |               0  |               0  |                                              0  |
|  Post Processing Netlist      |               0  |               0  |                                              0  |
-------------------------------------------------------------------------------------------------------------------------


Ending Logic Optimization Task | Checksum: 1b0ad3082

Time (s): cpu = 00:00:00.03 ; elapsed = 00:00:00.04 . Memory (MB): peak = 2692.758 ; gain = 0.000 ; free physical = 399 ; free virtual = 7097

Starting Power Optimization Task
INFO: [Pwropt 34-132] Skipping clock gating for clocks with a period < 2.00 ns.
Ending Power Optimization Task | Checksum: 1b0ad3082

Time (s): cpu = 00:00:00.01 ; elapsed = 00:00:00 . Memory (MB): peak = 2692.758 ; gain = 0.000 ; free physical = 399 ; free virtual = 7097

Starting Final Cleanup Task
Ending Final Cleanup Task | Checksum: 1b0ad3082

Time (s): cpu = 00:00:00 ; elapsed = 00:00:00 . Memory (MB): peak = 2692.758 ; gain = 0.000 ; free physical = 399 ; free virtual = 7097

Starting Netlist Obfuscation Task
Netlist sorting complete. Time (s): cpu = 00:00:00 ; elapsed = 00:00:00 . Memory (MB): peak = 2692.758 ; gain = 0.000 ; free physical = 399 ; free virtual = 7097
Ending Netlist Obfuscation Task | Checksum: 1b0ad3082

Time (s): cpu = 00:00:00 ; elapsed = 00:00:00 . Memory (MB): peak = 2692.758 ; gain = 0.000 ; free physical = 399 ; free virtual = 7097
INFO: [Common 17-83] Releasing license: Implementation
24 Infos, 0 Warnings, 0 Critical Warnings and 0 Errors encountered.
opt_design completed successfully
opt_design: Time (s): cpu = 00:00:12 ; elapsed = 00:00:12 . Memory (MB): peak = 2692.758 ; gain = 769.273 ; free physical = 399 ; free virtual = 7097
INFO: [Vivado 12-24828] Executing command : report_drc -file topLevel_drc_opted.rpt -pb topLevel_drc_opted.pb -rpx topLevel_drc_opted.rpx
Command: report_drc -file topLevel_drc_opted.rpt -pb topLevel_drc_opted.pb -rpx topLevel_drc_opted.rpx
INFO: [IP_Flow 19-234] Refreshing IP repositories
INFO: [IP_Flow 19-1704] No user IP repositories specified
INFO: [IP_Flow 19-2313] Loaded Vivado IP repository '/tools/Xilinx/Vivado/2024.1/data/ip'.
INFO: [DRC 23-27] Running DRC with 4 threads
INFO: [Vivado_Tcl 2-168] The results of DRC are in file /home/bee/Projects/16BitCPU/16BitCPU/16BitCPU.runs/impl_1/topLevel_drc_opted.rpt.
report_drc completed successfully
INFO: [Timing 38-480] Writing timing data to binary archive.
Write ShapeDB Complete: Time (s): cpu = 00:00:00 ; elapsed = 00:00:00 . Memory (MB): peak = 2740.781 ; gain = 0.000 ; free physical = 389 ; free virtual = 7088
Wrote PlaceDB: Time (s): cpu = 00:00:00 ; elapsed = 00:00:00.01 . Memory (MB): peak = 2740.781 ; gain = 0.000 ; free physical = 389 ; free virtual = 7088
Wrote PulsedLatchDB: Time (s): cpu = 00:00:00 ; elapsed = 00:00:00 . Memory (MB): peak = 2740.781 ; gain = 0.000 ; free physical = 389 ; free virtual = 7088
Writing XDEF routing.
Writing XDEF routing logical nets.
Writing XDEF routing special nets.
Wrote RouteStorage: Time (s): cpu = 00:00:00.05 ; elapsed = 00:00:00.02 . Memory (MB): peak = 2740.781 ; gain = 0.000 ; free physical = 388 ; free virtual = 7087
Wrote Netlist Cache: Time (s): cpu = 00:00:00 ; elapsed = 00:00:00 . Memory (MB): peak = 2740.781 ; gain = 0.000 ; free physical = 388 ; free virtual = 7087
Wrote Device Cache: Time (s): cpu = 00:00:00.02 ; elapsed = 00:00:00.01 . Memory (MB): peak = 2740.781 ; gain = 0.000 ; free physical = 388 ; free virtual = 7087
Write Physdb Complete: Time (s): cpu = 00:00:00.07 ; elapsed = 00:00:00.04 . Memory (MB): peak = 2740.781 ; gain = 0.000 ; free physical = 388 ; free virtual = 7087
INFO: [Common 17-1381] The checkpoint '/home/bee/Projects/16BitCPU/16BitCPU/16BitCPU.runs/impl_1/topLevel_opt.dcp' has been generated.
Command: place_design
Attempting to get a license for feature 'Implementation' and/or device 'xc7a100t'
INFO: [Common 17-349] Got license for feature 'Implementation' and/or device 'xc7a100t'
INFO: [Common 17-83] Releasing license: Implementation
INFO: [DRC 23-27] Running DRC with 4 threads
INFO: [Vivado_Tcl 4-198] DRC finished with 0 Errors
INFO: [Vivado_Tcl 4-199] Please refer to the DRC report (report_drc) for more information.
Running DRC as a precondition to command place_design
INFO: [DRC 23-27] Running DRC with 4 threads
INFO: [Vivado_Tcl 4-198] DRC finished with 0 Errors
INFO: [Vivado_Tcl 4-199] Please refer to the DRC report (report_drc) for more information.
INFO: [Place 30-611] Multithreading enabled for place_design using a maximum of 4 CPUs

Starting Placer Task

Phase 1 Placer Initialization

Phase 1.1 Placer Initialization Netlist Sorting
Netlist sorting complete. Time (s): cpu = 00:00:00 ; elapsed = 00:00:00 . Memory (MB): peak = 2740.781 ; gain = 0.000 ; free physical = 379 ; free virtual = 7081
Phase 1.1 Placer Initialization Netlist Sorting | Checksum: 1968ab6c4

Time (s): cpu = 00:00:00 ; elapsed = 00:00:00 . Memory (MB): peak = 2740.781 ; gain = 0.000 ; free physical = 379 ; free virtual = 7081
Netlist sorting complete. Time (s): cpu = 00:00:00 ; elapsed = 00:00:00 . Memory (MB): peak = 2740.781 ; gain = 0.000 ; free physical = 379 ; free virtual = 7081

Phase 1.2 IO Placement/ Clock Placement/ Build Placer Device
INFO: [Timing 38-35] Done setting XDC timing constraints.
Phase 1.2 IO Placement/ Clock Placement/ Build Placer Device | Checksum: 1968ab6c4

Time (s): cpu = 00:00:00.24 ; elapsed = 00:00:00.13 . Memory (MB): peak = 2740.781 ; gain = 0.000 ; free physical = 378 ; free virtual = 7080

Phase 1.3 Build Placer Netlist Model
WARNING: [Place 30-2953] Timing driven mode will be turned off because no critical terminals were found.
Phase 1.3 Build Placer Netlist Model | Checksum: 2129ea309

Time (s): cpu = 00:00:00.34 ; elapsed = 00:00:00.16 . Memory (MB): peak = 2740.781 ; gain = 0.000 ; free physical = 378 ; free virtual = 7080

Phase 1.4 Constrain Clocks/Macros
Phase 1.4 Constrain Clocks/Macros | Checksum: 2129ea309

Time (s): cpu = 00:00:00.34 ; elapsed = 00:00:00.16 . Memory (MB): peak = 2740.781 ; gain = 0.000 ; free physical = 378 ; free virtual = 7080
Phase 1 Placer Initialization | Checksum: 2129ea309

Time (s): cpu = 00:00:00.35 ; elapsed = 00:00:00.16 . Memory (MB): peak = 2740.781 ; gain = 0.000 ; free physical = 378 ; free virtual = 7080

Phase 2 Final Placement Cleanup
Netlist sorting complete. Time (s): cpu = 00:00:00 ; elapsed = 00:00:00 . Memory (MB): peak = 2740.781 ; gain = 0.000 ; free physical = 378 ; free virtual = 7080

Time (s): cpu = 00:00:00.35 ; elapsed = 00:00:00.16 . Memory (MB): peak = 2740.781 ; gain = 0.000 ; free physical = 378 ; free virtual = 7080
INFO: [Place 30-281] No place-able instance is found; design doesn't contain any instance or all instances are placed
Ending Placer Task | Checksum: 1968ab6c4

Time (s): cpu = 00:00:00.35 ; elapsed = 00:00:00.16 . Memory (MB): peak = 2740.781 ; gain = 0.000 ; free physical = 378 ; free virtual = 7080
43 Infos, 1 Warnings, 0 Critical Warnings and 0 Errors encountered.
place_design completed successfully
INFO: [Vivado 12-24838] Running report commands "report_control_sets, report_io, report_utilization" in parallel.
Running report generation with 3 threads.
INFO: [Vivado 12-24828] Executing command : report_control_sets -verbose -file topLevel_control_sets_placed.rpt
report_control_sets: Time (s): cpu = 00:00:00.05 ; elapsed = 00:00:00.07 . Memory (MB): peak = 2740.781 ; gain = 0.000 ; free physical = 367 ; free virtual = 7069
INFO: [Vivado 12-24828] Executing command : report_utilization -file topLevel_utilization_placed.rpt -pb topLevel_utilization_placed.pb
INFO: [Vivado 12-24828] Executing command : report_io -file topLevel_io_placed.rpt
report_io: Time (s): cpu = 00:00:00.29 ; elapsed = 00:00:00.26 . Memory (MB): peak = 2740.781 ; gain = 0.000 ; free physical = 359 ; free virtual = 7062
INFO: [Timing 38-480] Writing timing data to binary archive.
Write ShapeDB Complete: Time (s): cpu = 00:00:00 ; elapsed = 00:00:00 . Memory (MB): peak = 2740.781 ; gain = 0.000 ; free physical = 359 ; free virtual = 7062
Wrote PlaceDB: Time (s): cpu = 00:00:00.01 ; elapsed = 00:00:00 . Memory (MB): peak = 2740.781 ; gain = 0.000 ; free physical = 359 ; free virtual = 7062
Wrote PulsedLatchDB: Time (s): cpu = 00:00:00 ; elapsed = 00:00:00 . Memory (MB): peak = 2740.781 ; gain = 0.000 ; free physical = 359 ; free virtual = 7062
Writing XDEF routing.
Writing XDEF routing logical nets.
Writing XDEF routing special nets.
Wrote RouteStorage: Time (s): cpu = 00:00:00.03 ; elapsed = 00:00:00.01 . Memory (MB): peak = 2740.781 ; gain = 0.000 ; free physical = 359 ; free virtual = 7062
Wrote Netlist Cache: Time (s): cpu = 00:00:00 ; elapsed = 00:00:00 . Memory (MB): peak = 2740.781 ; gain = 0.000 ; free physical = 359 ; free virtual = 7062
Wrote Device Cache: Time (s): cpu = 00:00:00.01 ; elapsed = 00:00:00.01 . Memory (MB): peak = 2740.781 ; gain = 0.000 ; free physical = 359 ; free virtual = 7062
Write Physdb Complete: Time (s): cpu = 00:00:00.05 ; elapsed = 00:00:00.03 . Memory (MB): peak = 2740.781 ; gain = 0.000 ; free physical = 359 ; free virtual = 7062
INFO: [Common 17-1381] The checkpoint '/home/bee/Projects/16BitCPU/16BitCPU/16BitCPU.runs/impl_1/topLevel_placed.dcp' has been generated.
Command: phys_opt_design
Attempting to get a license for feature 'Implementation' and/or device 'xc7a100t'
INFO: [Common 17-349] Got license for feature 'Implementation' and/or device 'xc7a100t'
INFO: [Vivado_Tcl 4-241] Physical synthesis in post route mode 
WARNING: [Vivado_Tcl 4-1385] Design is not legally routed. Skipping post-route optimization
INFO: [Vivado_Tcl 4-1850] phys_opt_design is skipped because design is not fully routed, please run report_route_status to get more information.
INFO: [Common 17-83] Releasing license: Implementation
53 Infos, 2 Warnings, 0 Critical Warnings and 0 Errors encountered.
phys_opt_design completed successfully
INFO: [Timing 38-480] Writing timing data to binary archive.
Write ShapeDB Complete: Time (s): cpu = 00:00:00 ; elapsed = 00:00:00 . Memory (MB): peak = 2740.781 ; gain = 0.000 ; free physical = 363 ; free virtual = 7049
Wrote PlaceDB: Time (s): cpu = 00:00:00.01 ; elapsed = 00:00:00 . Memory (MB): peak = 2740.781 ; gain = 0.000 ; free physical = 363 ; free virtual = 7049
Wrote PulsedLatchDB: Time (s): cpu = 00:00:00 ; elapsed = 00:00:00 . Memory (MB): peak = 2740.781 ; gain = 0.000 ; free physical = 363 ; free virtual = 7049
Writing XDEF routing.
Writing XDEF routing logical nets.
Writing XDEF routing special nets.
Wrote RouteStorage: Time (s): cpu = 00:00:00.04 ; elapsed = 00:00:00.02 . Memory (MB): peak = 2740.781 ; gain = 0.000 ; free physical = 363 ; free virtual = 7049
Wrote Netlist Cache: Time (s): cpu = 00:00:00 ; elapsed = 00:00:00 . Memory (MB): peak = 2740.781 ; gain = 0.000 ; free physical = 363 ; free virtual = 7049
Wrote Device Cache: Time (s): cpu = 00:00:00 ; elapsed = 00:00:00.01 . Memory (MB): peak = 2740.781 ; gain = 0.000 ; free physical = 363 ; free virtual = 7050
Write Physdb Complete: Time (s): cpu = 00:00:00.06 ; elapsed = 00:00:00.03 . Memory (MB): peak = 2740.781 ; gain = 0.000 ; free physical = 363 ; free virtual = 7050
INFO: [Common 17-1381] The checkpoint '/home/bee/Projects/16BitCPU/16BitCPU/16BitCPU.runs/impl_1/topLevel_physopt.dcp' has been generated.
Command: route_design
Attempting to get a license for feature 'Implementation' and/or device 'xc7a100t'
INFO: [Common 17-349] Got license for feature 'Implementation' and/or device 'xc7a100t'
Running DRC as a precondition to command route_design
INFO: [DRC 23-27] Running DRC with 4 threads
INFO: [Vivado_Tcl 4-198] DRC finished with 0 Errors
INFO: [Vivado_Tcl 4-199] Please refer to the DRC report (report_drc) for more information.


Starting Routing Task
INFO: [Route 35-254] Multithreading enabled for route_design using a maximum of 4 CPUs

Phase 1 Build RT Design
Checksum: PlaceDB: 11502d55 ConstDB: 0 ShapeSum: d36829d9 RouteDB: b1d25f96
INFO: [Timing 38-35] Done setting XDC timing constraints.
Post Restoration Checksum: NetGraph: d6acfa23 | NumContArr: dbe3d4b2 | Constraints: c2a8fa9d | Timing: c2a8fa9d
Phase 1 Build RT Design | Checksum: 337e2c40f

Time (s): cpu = 00:00:32 ; elapsed = 00:00:26 . Memory (MB): peak = 2867.512 ; gain = 126.730 ; free physical = 229 ; free virtual = 6923

Phase 2 Router Initialization

Phase 2.1 Fix Topology Constraints
Phase 2.1 Fix Topology Constraints | Checksum: 337e2c40f

Time (s): cpu = 00:00:32 ; elapsed = 00:00:26 . Memory (MB): peak = 2867.512 ; gain = 126.730 ; free physical = 229 ; free virtual = 6923

Phase 2.2 Pre Route Cleanup
Phase 2.2 Pre Route Cleanup | Checksum: 337e2c40f

Time (s): cpu = 00:00:32 ; elapsed = 00:00:26 . Memory (MB): peak = 2867.512 ; gain = 126.730 ; free physical = 229 ; free virtual = 6923
 Number of Nodes with overlaps = 0

Phase 2.3 Update Timing
Phase 2.3 Update Timing | Checksum: 1b6a0e591

Time (s): cpu = 00:00:32 ; elapsed = 00:00:27 . Memory (MB): peak = 2890.090 ; gain = 149.309 ; free physical = 205 ; free virtual = 6899

Router Utilization Summary
  Global Vertical Routing Utilization    = 0 %
  Global Horizontal Routing Utilization  = 0 %
  Routable Net Status*
  *Does not include unroutable nets such as driverless and loadless.
  Run report_route_status for detailed report.
  Number of Failed Nets               = 0
    (Failed Nets is the sum of unrouted and partially routed nets)
  Number of Unrouted Nets             = 0
  Number of Partially Routed Nets     = 0
  Number of Node Overlaps             = 0

Phase 2 Router Initialization | Checksum: 1b6a0e591

Time (s): cpu = 00:00:33 ; elapsed = 00:00:27 . Memory (MB): peak = 2890.090 ; gain = 149.309 ; free physical = 205 ; free virtual = 6899

Phase 3 Global Routing
Phase 3 Global Routing | Checksum: 1b6a0e591

Time (s): cpu = 00:00:33 ; elapsed = 00:00:27 . Memory (MB): peak = 2890.090 ; gain = 149.309 ; free physical = 205 ; free virtual = 6899

Phase 4 Initial Routing

Phase 4.1 Initial Net Routing Pass
 Number of Nodes with overlaps = 0
Phase 4.1 Initial Net Routing Pass | Checksum: 1b6a0e591

Time (s): cpu = 00:00:33 ; elapsed = 00:00:27 . Memory (MB): peak = 2890.090 ; gain = 149.309 ; free physical = 205 ; free virtual = 6899
Phase 4 Initial Routing | Checksum: 1b6a0e591

Time (s): cpu = 00:00:33 ; elapsed = 00:00:27 . Memory (MB): peak = 2890.090 ; gain = 149.309 ; free physical = 205 ; free virtual = 6899

Phase 5 Rip-up And Reroute

Phase 5.1 Global Iteration 0
Phase 5.1 Global Iteration 0 | Checksum: 1b6a0e591

Time (s): cpu = 00:00:34 ; elapsed = 00:00:27 . Memory (MB): peak = 2890.090 ; gain = 149.309 ; free physical = 205 ; free virtual = 6899
Phase 5 Rip-up And Reroute | Checksum: 1b6a0e591

Time (s): cpu = 00:00:34 ; elapsed = 00:00:27 . Memory (MB): peak = 2890.090 ; gain = 149.309 ; free physical = 205 ; free virtual = 6899

Phase 6 Delay and Skew Optimization

Phase 6.1 Delay CleanUp
Phase 6.1 Delay CleanUp | Checksum: 1b6a0e591

Time (s): cpu = 00:00:34 ; elapsed = 00:00:27 . Memory (MB): peak = 2890.090 ; gain = 149.309 ; free physical = 205 ; free virtual = 6899

Phase 6.2 Clock Skew Optimization
Phase 6.2 Clock Skew Optimization | Checksum: 1b6a0e591

Time (s): cpu = 00:00:34 ; elapsed = 00:00:27 . Memory (MB): peak = 2890.090 ; gain = 149.309 ; free physical = 205 ; free virtual = 6899
Phase 6 Delay and Skew Optimization | Checksum: 1b6a0e591

Time (s): cpu = 00:00:34 ; elapsed = 00:00:27 . Memory (MB): peak = 2890.090 ; gain = 149.309 ; free physical = 205 ; free virtual = 6899

Phase 7 Post Hold Fix

Phase 7.1 Hold Fix Iter
Phase 7.1 Hold Fix Iter | Checksum: 1b6a0e591

Time (s): cpu = 00:00:34 ; elapsed = 00:00:27 . Memory (MB): peak = 2890.090 ; gain = 149.309 ; free physical = 205 ; free virtual = 6899
Phase 7 Post Hold Fix | Checksum: 1b6a0e591

Time (s): cpu = 00:00:34 ; elapsed = 00:00:27 . Memory (MB): peak = 2890.090 ; gain = 149.309 ; free physical = 205 ; free virtual = 6899

Phase 8 Route finalize

Router Utilization Summary
  Global Vertical Routing Utilization    = 0 %
  Global Horizontal Routing Utilization  = 0 %
  Routable Net Status*
  *Does not include unroutable nets such as driverless and loadless.
  Run report_route_status for detailed report.
  Number of Failed Nets               = 0
    (Failed Nets is the sum of unrouted and partially routed nets)
  Number of Unrouted Nets             = 0
  Number of Partially Routed Nets     = 0
  Number of Node Overlaps             = 0

Phase 8 Route finalize | Checksum: 1b6a0e591

Time (s): cpu = 00:00:34 ; elapsed = 00:00:27 . Memory (MB): peak = 2890.090 ; gain = 149.309 ; free physical = 205 ; free virtual = 6899

Phase 9 Verifying routed nets

 Verification completed successfully
Phase 9 Verifying routed nets | Checksum: 1b6a0e591

Time (s): cpu = 00:00:34 ; elapsed = 00:00:27 . Memory (MB): peak = 2890.090 ; gain = 149.309 ; free physical = 205 ; free virtual = 6899

Phase 10 Depositing Routes
Phase 10 Depositing Routes | Checksum: 1b6a0e591

Time (s): cpu = 00:00:34 ; elapsed = 00:00:27 . Memory (MB): peak = 2890.090 ; gain = 149.309 ; free physical = 205 ; free virtual = 6899

Phase 11 Post Process Routing
Phase 11 Post Process Routing | Checksum: 1b6a0e591

Time (s): cpu = 00:00:34 ; elapsed = 00:00:27 . Memory (MB): peak = 2890.090 ; gain = 149.309 ; free physical = 205 ; free virtual = 6899

Phase 12 Post Router Timing
Phase 12 Post Router Timing | Checksum: 1b6a0e591

Time (s): cpu = 00:00:34 ; elapsed = 00:00:27 . Memory (MB): peak = 2890.090 ; gain = 149.309 ; free physical = 205 ; free virtual = 6899
Total Elapsed time in route_design: 27.1 secs

Phase 13 Post-Route Event Processing
Phase 13 Post-Route Event Processing | Checksum: 1b41083f5

Time (s): cpu = 00:00:34 ; elapsed = 00:00:27 . Memory (MB): peak = 2890.090 ; gain = 149.309 ; free physical = 205 ; free virtual = 6899
INFO: [Route 35-16] Router Completed Successfully
Ending Routing Task | Checksum: 1b41083f5

Time (s): cpu = 00:00:34 ; elapsed = 00:00:27 . Memory (MB): peak = 2890.090 ; gain = 149.309 ; free physical = 205 ; free virtual = 6899

Routing Is Done.
INFO: [Common 17-83] Releasing license: Implementation
63 Infos, 2 Warnings, 0 Critical Warnings and 0 Errors encountered.
route_design completed successfully
route_design: Time (s): cpu = 00:00:35 ; elapsed = 00:00:28 . Memory (MB): peak = 2890.090 ; gain = 149.309 ; free physical = 205 ; free virtual = 6899
INFO: [Vivado 12-24828] Executing command : report_drc -file topLevel_drc_routed.rpt -pb topLevel_drc_routed.pb -rpx topLevel_drc_routed.rpx
Command: report_drc -file topLevel_drc_routed.rpt -pb topLevel_drc_routed.pb -rpx topLevel_drc_routed.rpx
INFO: [IP_Flow 19-1839] IP Catalog is up to date.
INFO: [DRC 23-27] Running DRC with 4 threads
INFO: [Vivado_Tcl 2-168] The results of DRC are in file /home/bee/Projects/16BitCPU/16BitCPU/16BitCPU.runs/impl_1/topLevel_drc_routed.rpt.
report_drc completed successfully
INFO: [Vivado 12-24828] Executing command : report_methodology -file topLevel_methodology_drc_routed.rpt -pb topLevel_methodology_drc_routed.pb -rpx topLevel_methodology_drc_routed.rpx
Command: report_methodology -file topLevel_methodology_drc_routed.rpt -pb topLevel_methodology_drc_routed.pb -rpx topLevel_methodology_drc_routed.rpx
INFO: [Timing 38-35] Done setting XDC timing constraints.
INFO: [DRC 23-133] Running Methodology with 4 threads
INFO: [Vivado_Tcl 2-1520] The results of Report Methodology are in file /home/bee/Projects/16BitCPU/16BitCPU/16BitCPU.runs/impl_1/topLevel_methodology_drc_routed.rpt.
report_methodology completed successfully
INFO: [Vivado 12-24828] Executing command : report_timing_summary -max_paths 10 -report_unconstrained -file topLevel_timing_summary_routed.rpt -pb topLevel_timing_summary_routed.pb -rpx topLevel_timing_summary_routed.rpx -warn_on_violation 
INFO: [Timing 38-35] Done setting XDC timing constraints.
INFO: [Timing 38-91] UpdateTimingParams: Speed grade: -1, Delay Type: min_max.
INFO: [Timing 38-191] Multithreading enabled for timing update using a maximum of 4 CPUs
INFO: [Vivado 12-24838] Running report commands "report_bus_skew, report_incremental_reuse, report_route_status" in parallel.
Running report generation with 3 threads.
INFO: [Vivado 12-24828] Executing command : report_route_status -file topLevel_route_status.rpt -pb topLevel_route_status.pb
INFO: [Vivado 12-24828] Executing command : report_incremental_reuse -file topLevel_incremental_reuse_routed.rpt
INFO: [Vivado_Tcl 4-1062] Incremental flow is disabled. No incremental reuse Info to report.
INFO: [Vivado 12-24828] Executing command : report_bus_skew -warn_on_violation -file topLevel_bus_skew_routed.rpt -pb topLevel_bus_skew_routed.pb -rpx topLevel_bus_skew_routed.rpx
INFO: [Timing 38-91] UpdateTimingParams: Speed grade: -1, Delay Type: min_max.
INFO: [Timing 38-191] Multithreading enabled for timing update using a maximum of 4 CPUs
INFO: [Vivado 12-24828] Executing command : report_power -file topLevel_power_routed.rpt -pb topLevel_power_summary_routed.pb -rpx topLevel_power_routed.rpx
Command: report_power -file topLevel_power_routed.rpt -pb topLevel_power_summary_routed.pb -rpx topLevel_power_routed.rpx
Running Vector-less Activity Propagation...

Finished Running Vector-less Activity Propagation
83 Infos, 2 Warnings, 0 Critical Warnings and 0 Errors encountered.
report_power completed successfully
INFO: [Vivado 12-24828] Executing command : report_clock_utilization -file topLevel_clock_utilization_routed.rpt
WARNING: [Device 21-9320] Failed to find the Oracle tile group with name 'HSR_BOUNDARY_TOP'. This is required for Clock regions and Virtual grid.
WARNING: [Device 21-2174] Failed to initialize Virtual grid.
INFO: [Timing 38-480] Writing timing data to binary archive.
Write ShapeDB Complete: Time (s): cpu = 00:00:00 ; elapsed = 00:00:00 . Memory (MB): peak = 2962.762 ; gain = 0.000 ; free physical = 210 ; free virtual = 6903
Wrote PlaceDB: Time (s): cpu = 00:00:00.01 ; elapsed = 00:00:00 . Memory (MB): peak = 2962.762 ; gain = 0.000 ; free physical = 210 ; free virtual = 6904
Wrote PulsedLatchDB: Time (s): cpu = 00:00:00 ; elapsed = 00:00:00 . Memory (MB): peak = 2962.762 ; gain = 0.000 ; free physical = 210 ; free virtual = 6904
Writing XDEF routing.
Writing XDEF routing logical nets.
Writing XDEF routing special nets.
Wrote RouteStorage: Time (s): cpu = 00:00:00.03 ; elapsed = 00:00:00.01 . Memory (MB): peak = 2962.762 ; gain = 0.000 ; free physical = 210 ; free virtual = 6904
Wrote Netlist Cache: Time (s): cpu = 00:00:00 ; elapsed = 00:00:00 . Memory (MB): peak = 2962.762 ; gain = 0.000 ; free physical = 210 ; free virtual = 6904
Wrote Device Cache: Time (s): cpu = 00:00:00.01 ; elapsed = 00:00:00.01 . Memory (MB): peak = 2962.762 ; gain = 0.000 ; free physical = 210 ; free virtual = 6904
Write Physdb Complete: Time (s): cpu = 00:00:00.05 ; elapsed = 00:00:00.03 . Memory (MB): peak = 2962.762 ; gain = 0.000 ; free physical = 210 ; free virtual = 6904
INFO: [Common 17-1381] The checkpoint '/home/bee/Projects/16BitCPU/16BitCPU/16BitCPU.runs/impl_1/topLevel_routed.dcp' has been generated.
INFO: [Common 17-206] Exiting Vivado at Mon Nov 18 19:11:42 2024...

*** Running vivado
    with args -log topLevel.vdi -applog -m64 -product Vivado -messageDb vivado.pb -mode batch -source topLevel.tcl -notrace


****** Vivado v2024.1 (64-bit)
  **** SW Build 5076996 on Wed May 22 18:36:09 MDT 2024
  **** IP Build 5075265 on Wed May 22 21:45:21 MDT 2024
  **** SharedData Build 5076995 on Wed May 22 18:29:18 MDT 2024
  **** Start of session at: Mon Nov 18 19:12:48 2024
    ** Copyright 1986-2022 Xilinx, Inc. All Rights Reserved.
    ** Copyright 2022-2024 Advanced Micro Devices, Inc. All Rights Reserved.

source topLevel.tcl -notrace
Command: open_checkpoint topLevel_routed.dcp
INFO: [Device 21-403] Loading part xc7a100tcsg324-1
INFO: [Device 21-9227] Part: xc7a100tcsg324-1 does not have CEAM library.
Netlist sorting complete. Time (s): cpu = 00:00:00 ; elapsed = 00:00:00 . Memory (MB): peak = 1730.938 ; gain = 0.000 ; free physical = 1178 ; free virtual = 7861
INFO: [Project 1-479] Netlist was created with Vivado 2024.1
INFO: [Project 1-570] Preparing netlist for logic optimization
Read ShapeDB Complete: Time (s): cpu = 00:00:00 ; elapsed = 00:00:00 . Memory (MB): peak = 1802.625 ; gain = 0.000 ; free physical = 1117 ; free virtual = 7800
INFO: [Timing 38-478] Restoring timing data from binary archive.
INFO: [Timing 38-479] Binary timing data restore complete.
INFO: [Project 1-856] Restoring constraints from binary archive.
INFO: [Project 1-853] Binary constraint restore complete.
INFO: [Designutils 20-5722] Start Reading Physical Databases.
Reading placement.
Read Netlist Cache: Time (s): cpu = 00:00:00 ; elapsed = 00:00:00 . Memory (MB): peak = 2386.344 ; gain = 0.000 ; free physical = 666 ; free virtual = 7354
Reading placer database...
Read Device Cache: Time (s): cpu = 00:00:00 ; elapsed = 00:00:00 . Memory (MB): peak = 2386.344 ; gain = 0.000 ; free physical = 666 ; free virtual = 7354
Read PlaceDB: Time (s): cpu = 00:00:00 ; elapsed = 00:00:00.01 . Memory (MB): peak = 2386.344 ; gain = 0.000 ; free physical = 666 ; free virtual = 7354
Read PulsedLatchDB: Time (s): cpu = 00:00:00 ; elapsed = 00:00:00 . Memory (MB): peak = 2386.344 ; gain = 0.000 ; free physical = 666 ; free virtual = 7354
Reading routing.
Read RouteStorage: Time (s): cpu = 00:00:00.01 ; elapsed = 00:00:00 . Memory (MB): peak = 2386.344 ; gain = 0.000 ; free physical = 666 ; free virtual = 7354
Read Physdb Files: Time (s): cpu = 00:00:00.02 ; elapsed = 00:00:00.03 . Memory (MB): peak = 2386.344 ; gain = 0.000 ; free physical = 666 ; free virtual = 7354
Restored from archive | CPU: 0.080000 secs | Memory: 1.094223 MB |
Finished XDEF File Restore: Time (s): cpu = 00:00:00.07 ; elapsed = 00:00:00.09 . Memory (MB): peak = 2386.344 ; gain = 0.000 ; free physical = 666 ; free virtual = 7354
Netlist sorting complete. Time (s): cpu = 00:00:00 ; elapsed = 00:00:00 . Memory (MB): peak = 2386.344 ; gain = 0.000 ; free physical = 666 ; free virtual = 7354
INFO: [Project 1-111] Unisim Transformation Summary:
No Unisim elements were transformed.

INFO: [Project 1-604] Checkpoint was created with Vivado v2024.1 (64-bit) build 5076996
open_checkpoint: Time (s): cpu = 00:00:23 ; elapsed = 00:00:24 . Memory (MB): peak = 2386.344 ; gain = 971.441 ; free physical = 666 ; free virtual = 7354
Command: write_bitstream -force topLevel.bit
Attempting to get a license for feature 'Implementation' and/or device 'xc7a100t'
INFO: [Common 17-349] Got license for feature 'Implementation' and/or device 'xc7a100t'
Running DRC as a precondition to command write_bitstream
INFO: [IP_Flow 19-234] Refreshing IP repositories
INFO: [IP_Flow 19-1704] No user IP repositories specified
INFO: [IP_Flow 19-2313] Loaded Vivado IP repository '/tools/Xilinx/Vivado/2024.1/data/ip'.
INFO: [DRC 23-27] Running DRC with 4 threads
WARNING: [DRC CFGBVS-1] Missing CFGBVS and CONFIG_VOLTAGE Design Properties: Neither the CFGBVS nor CONFIG_VOLTAGE voltage property is set in the current_design.  Configuration bank voltage select (CFGBVS) must be set to VCCO or GND, and CONFIG_VOLTAGE must be set to the correct configuration voltage, in order to determine the I/O voltage support for the pins in bank 0.  It is suggested to specify these either using the 'Edit Device Properties' function in the GUI or directly in the XDC file using the following syntax:

 set_property CFGBVS value1 [current_design]
 #where value1 is either VCCO or GND

 set_property CONFIG_VOLTAGE value2 [current_design]
 #where value2 is the voltage provided to configuration bank 0

Refer to the device configuration user guide for more information.
INFO: [Vivado 12-3199] DRC finished with 0 Errors, 1 Warnings
INFO: [Vivado 12-3200] Please refer to the DRC report (report_drc) for more information.
INFO: [Designutils 20-2272] Running write_bitstream with 4 threads.
Loading data files...
Loading site data...
Loading route data...
Processing options...
Creating bitmap...
Creating bitstream...
Writing bitstream ./topLevel.bit...
INFO: [Vivado 12-1842] Bitgen Completed Successfully.
INFO: [Project 1-1876] WebTalk data collection is mandatory when using a ULT device. To see the specific WebTalk data collected for your design, open the usage_statistics_webtalk.html or usage_statistics_webtalk.xml file in the implementation directory.
INFO: [Common 17-83] Releasing license: Implementation
22 Infos, 1 Warnings, 0 Critical Warnings and 0 Errors encountered.
write_bitstream completed successfully
write_bitstream: Time (s): cpu = 00:00:16 ; elapsed = 00:00:23 . Memory (MB): peak = 2793.641 ; gain = 407.297 ; free physical = 214 ; free virtual = 6914
INFO: [Common 17-206] Exiting Vivado at Mon Nov 18 19:13:38 2024...
