Copyright 1986-2022 Xilinx, Inc. All Rights Reserved. Copyright 2022-2024 Advanced Micro Devices, Inc. All Rights Reserved.
---------------------------------------------------------------------------------------------------------------------------------------------
| Tool Version : Vivado v.2024.1 (lin64) Build 5076996 Wed May 22 18:36:09 MDT 2024
| Date         : Wed Dec 11 21:45:56 2024
| Host         : Jake running 64-bit Linux Mint 22
| Command      : report_drc -file topLevel_drc_routed.rpt -pb topLevel_drc_routed.pb -rpx topLevel_drc_routed.rpx
| Design       : topLevel
| Device       : xc7a35tcpg236-1
| Speed File   : -1
| Design State : Fully Routed
---------------------------------------------------------------------------------------------------------------------------------------------

Report DRC

Table of Contents
-----------------
1. REPORT SUMMARY
2. REPORT DETAILS

1. REPORT SUMMARY
-----------------
            Netlist: netlist
          Floorplan: design_1
      Design limits: <entire design considered>
           Ruledeck: default
             Max violations: <unlimited>
             Violations found: 3
+----------+----------+-------------------+------------+
| Rule     | Severity | Description       | Violations |
+----------+----------+-------------------+------------+
| PDRC-153 | Warning  | Gated clock check | 3          |
+----------+----------+-------------------+------------+

2. REPORT DETAILS
-----------------
PDRC-153#1 Warning
Gated clock check  
Net cpuCalc/IDEXBufferCalc/memReadOut_reg_0 is a gated clock net sourced by a combinational pin cpuCalc/IDEXBufferCalc/stall_reg_i_1/O, cell cpuCalc/IDEXBufferCalc/stall_reg_i_1. This is not good design practice and will likely impact performance. For SLICE registers, for example, use the CE pin to control the loading of data.
Related violations: <none>

PDRC-153#2 Warning
Gated clock check  
Net cpuCalc/MEMWBBufferCalc/rdOut_reg[1]_0[0] is a gated clock net sourced by a combinational pin cpuCalc/MEMWBBufferCalc/forward1_reg[1]_i_1/O, cell cpuCalc/MEMWBBufferCalc/forward1_reg[1]_i_1. This is not good design practice and will likely impact performance. For SLICE registers, for example, use the CE pin to control the loading of data.
Related violations: <none>

PDRC-153#3 Warning
Gated clock check  
Net cpuCalc/MEMWBBufferCalc/rdOut_reg[1]_1[0] is a gated clock net sourced by a combinational pin cpuCalc/MEMWBBufferCalc/forward2_reg[1]_i_1/O, cell cpuCalc/MEMWBBufferCalc/forward2_reg[1]_i_1. This is not good design practice and will likely impact performance. For SLICE registers, for example, use the CE pin to control the loading of data.
Related violations: <none>


