Copyright 1986-2022 Xilinx, Inc. All Rights Reserved. Copyright 2022-2024 Advanced Micro Devices, Inc. All Rights Reserved.
---------------------------------------------------------------------------------------------------------------------------------------------
| Tool Version : Vivado v.2024.1 (lin64) Build 5076996 Wed May 22 18:36:09 MDT 2024
| Date         : Wed Dec 11 21:45:34 2024
| Host         : Jake running 64-bit Linux Mint 22
| Command      : report_utilization -file topLevel_utilization_placed.rpt -pb topLevel_utilization_placed.pb
| Design       : topLevel
| Device       : xc7a35tcpg236-1
| Speed File   : -1
| Design State : Fully Placed
---------------------------------------------------------------------------------------------------------------------------------------------

Utilization Design Information

Table of Contents
-----------------
1. Slice Logic
1.1 Summary of Registers by Type
2. Slice Logic Distribution
3. Memory
4. DSP
5. IO and GT Specific
6. Clocking
7. Specific Feature
8. Primitives
9. Black Boxes
10. Instantiated Netlists

1. Slice Logic
--------------

+-------------------------+------+-------+------------+-----------+-------+
|        Site Type        | Used | Fixed | Prohibited | Available | Util% |
+-------------------------+------+-------+------------+-----------+-------+
| Slice LUTs              |  694 |     0 |          0 |     20800 |  3.34 |
|   LUT as Logic          |  694 |     0 |          0 |     20800 |  3.34 |
|   LUT as Memory         |    0 |     0 |          0 |      9600 |  0.00 |
| Slice Registers         |  563 |     0 |          0 |     41600 |  1.35 |
|   Register as Flip Flop |  509 |     0 |          0 |     41600 |  1.22 |
|   Register as Latch     |   54 |     0 |          0 |     41600 |  0.13 |
| F7 Muxes                |   40 |     0 |          0 |     16300 |  0.25 |
| F8 Muxes                |    0 |     0 |          0 |      8150 |  0.00 |
+-------------------------+------+-------+------------+-----------+-------+
* Warning! LUT value is adjusted to account for LUT combining.


1.1 Summary of Registers by Type
--------------------------------

+-------+--------------+-------------+--------------+
| Total | Clock Enable | Synchronous | Asynchronous |
+-------+--------------+-------------+--------------+
| 0     |            _ |           - |            - |
| 0     |            _ |           - |          Set |
| 0     |            _ |           - |        Reset |
| 0     |            _ |         Set |            - |
| 0     |            _ |       Reset |            - |
| 0     |          Yes |           - |            - |
| 35    |          Yes |           - |          Set |
| 52    |          Yes |           - |        Reset |
| 4     |          Yes |         Set |            - |
| 472   |          Yes |       Reset |            - |
+-------+--------------+-------------+--------------+


2. Slice Logic Distribution
---------------------------

+--------------------------------------------+------+-------+------------+-----------+-------+
|                  Site Type                 | Used | Fixed | Prohibited | Available | Util% |
+--------------------------------------------+------+-------+------------+-----------+-------+
| Slice                                      |  316 |     0 |          0 |      8150 |  3.88 |
|   SLICEL                                   |  217 |     0 |            |           |       |
|   SLICEM                                   |   99 |     0 |            |           |       |
| LUT as Logic                               |  694 |     0 |          0 |     20800 |  3.34 |
|   using O5 output only                     |    0 |       |            |           |       |
|   using O6 output only                     |  552 |       |            |           |       |
|   using O5 and O6                          |  142 |       |            |           |       |
| LUT as Memory                              |    0 |     0 |          0 |      9600 |  0.00 |
|   LUT as Distributed RAM                   |    0 |     0 |            |           |       |
|     using O5 output only                   |    0 |       |            |           |       |
|     using O6 output only                   |    0 |       |            |           |       |
|     using O5 and O6                        |    0 |       |            |           |       |
|   LUT as Shift Register                    |    0 |     0 |            |           |       |
|     using O5 output only                   |    0 |       |            |           |       |
|     using O6 output only                   |    0 |       |            |           |       |
|     using O5 and O6                        |    0 |       |            |           |       |
| Slice Registers                            |  563 |     0 |          0 |     41600 |  1.35 |
|   Register driven from within the Slice    |  291 |       |            |           |       |
|   Register driven from outside the Slice   |  272 |       |            |           |       |
|     LUT in front of the register is unused |  107 |       |            |           |       |
|     LUT in front of the register is used   |  165 |       |            |           |       |
| Unique Control Sets                        |   25 |       |          0 |      8150 |  0.31 |
+--------------------------------------------+------+-------+------------+-----------+-------+
* * Note: Available Control Sets calculated as Slice * 1, Review the Control Sets Report for more information regarding control sets.


3. Memory
---------

+-------------------+------+-------+------------+-----------+-------+
|     Site Type     | Used | Fixed | Prohibited | Available | Util% |
+-------------------+------+-------+------------+-----------+-------+
| Block RAM Tile    |   32 |     0 |          0 |        50 | 64.00 |
|   RAMB36/FIFO*    |   32 |     0 |          0 |        50 | 64.00 |
|     RAMB36E1 only |   32 |       |            |           |       |
|   RAMB18          |    0 |     0 |          0 |       100 |  0.00 |
+-------------------+------+-------+------------+-----------+-------+
* Note: Each Block RAM Tile only has one FIFO logic available and therefore can accommodate only one FIFO36E1 or one FIFO18E1. However, if a FIFO18E1 occupies a Block RAM Tile, that tile can still accommodate a RAMB18E1


4. DSP
------

+-----------+------+-------+------------+-----------+-------+
| Site Type | Used | Fixed | Prohibited | Available | Util% |
+-----------+------+-------+------------+-----------+-------+
| DSPs      |    0 |     0 |          0 |        90 |  0.00 |
+-----------+------+-------+------------+-----------+-------+


5. IO and GT Specific
---------------------

+-----------------------------+------+-------+------------+-----------+-------+
|          Site Type          | Used | Fixed | Prohibited | Available | Util% |
+-----------------------------+------+-------+------------+-----------+-------+
| Bonded IOB                  |   46 |    46 |          0 |       106 | 43.40 |
|   IOB Master Pads           |   21 |       |            |           |       |
|   IOB Slave Pads            |   24 |       |            |           |       |
| Bonded IPADs                |    0 |     0 |          0 |        10 |  0.00 |
| Bonded OPADs                |    0 |     0 |          0 |         4 |  0.00 |
| PHY_CONTROL                 |    0 |     0 |          0 |         5 |  0.00 |
| PHASER_REF                  |    0 |     0 |          0 |         5 |  0.00 |
| OUT_FIFO                    |    0 |     0 |          0 |        20 |  0.00 |
| IN_FIFO                     |    0 |     0 |          0 |        20 |  0.00 |
| IDELAYCTRL                  |    0 |     0 |          0 |         5 |  0.00 |
| IBUFDS                      |    0 |     0 |          0 |       104 |  0.00 |
| GTPE2_CHANNEL               |    0 |     0 |          0 |         2 |  0.00 |
| PHASER_OUT/PHASER_OUT_PHY   |    0 |     0 |          0 |        20 |  0.00 |
| PHASER_IN/PHASER_IN_PHY     |    0 |     0 |          0 |        20 |  0.00 |
| IDELAYE2/IDELAYE2_FINEDELAY |    0 |     0 |          0 |       250 |  0.00 |
| IBUFDS_GTE2                 |    0 |     0 |          0 |         2 |  0.00 |
| ILOGIC                      |    0 |     0 |          0 |       106 |  0.00 |
| OLOGIC                      |    0 |     0 |          0 |       106 |  0.00 |
+-----------------------------+------+-------+------------+-----------+-------+


6. Clocking
-----------

+------------+------+-------+------------+-----------+-------+
|  Site Type | Used | Fixed | Prohibited | Available | Util% |
+------------+------+-------+------------+-----------+-------+
| BUFGCTRL   |    4 |     0 |          0 |        32 | 12.50 |
| BUFIO      |    0 |     0 |          0 |        20 |  0.00 |
| MMCME2_ADV |    0 |     0 |          0 |         5 |  0.00 |
| PLLE2_ADV  |    0 |     0 |          0 |         5 |  0.00 |
| BUFMRCE    |    0 |     0 |          0 |        10 |  0.00 |
| BUFHCE     |    0 |     0 |          0 |        72 |  0.00 |
| BUFR       |    0 |     0 |          0 |        20 |  0.00 |
+------------+------+-------+------------+-----------+-------+


7. Specific Feature
-------------------

+-------------+------+-------+------------+-----------+-------+
|  Site Type  | Used | Fixed | Prohibited | Available | Util% |
+-------------+------+-------+------------+-----------+-------+
| BSCANE2     |    0 |     0 |          0 |         4 |  0.00 |
| CAPTUREE2   |    0 |     0 |          0 |         1 |  0.00 |
| DNA_PORT    |    0 |     0 |          0 |         1 |  0.00 |
| EFUSE_USR   |    0 |     0 |          0 |         1 |  0.00 |
| FRAME_ECCE2 |    0 |     0 |          0 |         1 |  0.00 |
| ICAPE2      |    0 |     0 |          0 |         2 |  0.00 |
| PCIE_2_1    |    0 |     0 |          0 |         1 |  0.00 |
| STARTUPE2   |    0 |     0 |          0 |         1 |  0.00 |
| XADC        |    0 |     0 |          0 |         1 |  0.00 |
+-------------+------+-------+------------+-----------+-------+


8. Primitives
-------------

+----------+------+---------------------+
| Ref Name | Used | Functional Category |
+----------+------+---------------------+
| FDRE     |  472 |        Flop & Latch |
| LUT6     |  321 |                 LUT |
| LUT5     |  213 |                 LUT |
| LUT4     |  133 |                 LUT |
| LUT2     |   80 |                 LUT |
| CARRY4   |   71 |          CarryLogic |
| LUT3     |   60 |                 LUT |
| LDCE     |   52 |        Flop & Latch |
| MUXF7    |   40 |               MuxFx |
| FDPE     |   33 |        Flop & Latch |
| RAMB36E1 |   32 |        Block Memory |
| LUT1     |   29 |                 LUT |
| OBUF     |   28 |                  IO |
| IBUF     |   18 |                  IO |
| FDSE     |    4 |        Flop & Latch |
| BUFG     |    4 |               Clock |
| LDPE     |    2 |        Flop & Latch |
+----------+------+---------------------+


9. Black Boxes
--------------

+----------+------+
| Ref Name | Used |
+----------+------+


10. Instantiated Netlists
-------------------------

+----------+------+
| Ref Name | Used |
+----------+------+


