
*** Running vivado
    with args -log topLevel.vds -m64 -product Vivado -mode batch -messageDb vivado.pb -notrace -source topLevel.tcl


****** Vivado v2024.1 (64-bit)
  **** SW Build 5076996 on Wed May 22 18:36:09 MDT 2024
  **** IP Build 5075265 on Wed May 22 21:45:21 MDT 2024
  **** SharedData Build 5076995 on Wed May 22 18:29:18 MDT 2024
  **** Start of session at: Mon Nov 18 19:09:18 2024
    ** Copyright 1986-2022 Xilinx, Inc. All Rights Reserved.
    ** Copyright 2022-2024 Advanced Micro Devices, Inc. All Rights Reserved.

source topLevel.tcl -notrace
create_project: Time (s): cpu = 00:00:09 ; elapsed = 00:00:09 . Memory (MB): peak = 1416.930 ; gain = 0.027 ; free physical = 1512 ; free virtual = 8199
Command: read_checkpoint -auto_incremental -incremental /home/bee/Projects/16BitCPU/16BitCPU/16BitCPU.srcs/utils_1/imports/synth_1/cpuTopLevel.dcp
INFO: [Vivado 12-5825] Read reference checkpoint from /home/bee/Projects/16BitCPU/16BitCPU/16BitCPU.srcs/utils_1/imports/synth_1/cpuTopLevel.dcp for incremental synthesis
INFO: [Vivado 12-7989] Please ensure there are no constraint changes
Command: synth_design -top topLevel -part xc7a100tcsg324-1
Starting synth_design
Attempting to get a license for feature 'Synthesis' and/or device 'xc7a100t'
INFO: [Common 17-349] Got license for feature 'Synthesis' and/or device 'xc7a100t'
INFO: [Device 21-403] Loading part xc7a100tcsg324-1
INFO: [Device 21-9227] Part: xc7a100tcsg324-1 does not have CEAM library.
INFO: [Designutils 20-5440] No compile time benefit to using incremental synthesis; A full resynthesis will be run
INFO: [Designutils 20-4379] Flow is switching to default flow due to incremental criteria not met. If you would like to alter this behaviour and have the flow terminate instead, please set the following parameter config_implementation {autoIncr.Synth.RejectBehavior Terminate}
INFO: [Synth 8-7079] Multithreading enabled for synth_design using a maximum of 4 processes.
INFO: [Synth 8-7078] Launching helper process for spawning children vivado processes
INFO: [Synth 8-7075] Helper process launched with PID 199710
---------------------------------------------------------------------------------
Starting RTL Elaboration : Time (s): cpu = 00:00:05 ; elapsed = 00:00:05 . Memory (MB): peak = 2144.684 ; gain = 412.746 ; free physical = 492 ; free virtual = 7180
---------------------------------------------------------------------------------
INFO: [Synth 8-638] synthesizing module 'topLevel' [/home/bee/Projects/16BitCPU/16BitCPU/16BitCPU.srcs/sources_1/new/topLevel.vhd:42]
INFO: [Synth 8-3491] module 'cpuTopLevel' declared at '/home/bee/Projects/16BitCPU/16BitCPU/16BitCPU.srcs/sources_1/new/cpuTopLevel.vhd:30' bound to instance 'cpuCalc' of component 'cpuTopLevel' [/home/bee/Projects/16BitCPU/16BitCPU/16BitCPU.srcs/sources_1/new/topLevel.vhd:49]
INFO: [Synth 8-638] synthesizing module 'cpuTopLevel' [/home/bee/Projects/16BitCPU/16BitCPU/16BitCPU.srcs/sources_1/new/cpuTopLevel.vhd:36]
INFO: [Synth 8-3491] module 'programCounter' declared at '/home/bee/Projects/16BitCPU/16BitCPU/16BitCPU.srcs/sources_1/new/programCounter.vhd:25' bound to instance 'programCounterCalc' of component 'programCounter' [/home/bee/Projects/16BitCPU/16BitCPU/16BitCPU.srcs/sources_1/new/cpuTopLevel.vhd:194]
INFO: [Synth 8-638] synthesizing module 'programCounter' [/home/bee/Projects/16BitCPU/16BitCPU/16BitCPU.srcs/sources_1/new/programCounter.vhd:32]
INFO: [Synth 8-256] done synthesizing module 'programCounter' (0#1) [/home/bee/Projects/16BitCPU/16BitCPU/16BitCPU.srcs/sources_1/new/programCounter.vhd:32]
INFO: [Synth 8-3491] module 'instructionMemory' declared at '/home/bee/Projects/16BitCPU/16BitCPU/16BitCPU.srcs/sources_1/new/instructionMemory.vhd:26' bound to instance 'instructionMemoryCalc' of component 'instructionMemory' [/home/bee/Projects/16BitCPU/16BitCPU/16BitCPU.srcs/sources_1/new/cpuTopLevel.vhd:196]
INFO: [Synth 8-638] synthesizing module 'instructionMemory' [/home/bee/Projects/16BitCPU/16BitCPU/16BitCPU.srcs/sources_1/new/instructionMemory.vhd:32]
INFO: [Synth 8-256] done synthesizing module 'instructionMemory' (0#1) [/home/bee/Projects/16BitCPU/16BitCPU/16BitCPU.srcs/sources_1/new/instructionMemory.vhd:32]
INFO: [Synth 8-3491] module 'Control_Unit' declared at '/home/bee/Projects/16BitCPU/16BitCPU/16BitCPU.srcs/sources_1/new/Control_Unit.vhd:27' bound to instance 'controlUnitCalc' of component 'controlUnit' [/home/bee/Projects/16BitCPU/16BitCPU/16BitCPU.srcs/sources_1/new/cpuTopLevel.vhd:198]
INFO: [Synth 8-638] synthesizing module 'Control_Unit' [/home/bee/Projects/16BitCPU/16BitCPU/16BitCPU.srcs/sources_1/new/Control_Unit.vhd:42]
INFO: [Synth 8-256] done synthesizing module 'Control_Unit' (0#1) [/home/bee/Projects/16BitCPU/16BitCPU/16BitCPU.srcs/sources_1/new/Control_Unit.vhd:42]
INFO: [Synth 8-3491] module 'Mux' declared at '/home/bee/Projects/16BitCPU/16BitCPU/16BitCPU.srcs/sources_1/new/Mux.vhd:25' bound to instance 'regDstMuxCalc' of component 'ThreeBitMux' [/home/bee/Projects/16BitCPU/16BitCPU/16BitCPU.srcs/sources_1/new/cpuTopLevel.vhd:200]
INFO: [Synth 8-638] synthesizing module 'Mux' [/home/bee/Projects/16BitCPU/16BitCPU/16BitCPU.srcs/sources_1/new/Mux.vhd:34]
	Parameter N bound to: 3 - type: integer 
INFO: [Synth 8-256] done synthesizing module 'Mux' (0#1) [/home/bee/Projects/16BitCPU/16BitCPU/16BitCPU.srcs/sources_1/new/Mux.vhd:34]
INFO: [Synth 8-3491] module 'registers' declared at '/home/bee/Projects/16BitCPU/16BitCPU/16BitCPU.srcs/sources_1/new/registers.vhd:25' bound to instance 'registerFileCalc' of component 'registers' [/home/bee/Projects/16BitCPU/16BitCPU/16BitCPU.srcs/sources_1/new/cpuTopLevel.vhd:202]
INFO: [Synth 8-638] synthesizing module 'registers' [/home/bee/Projects/16BitCPU/16BitCPU/16BitCPU.srcs/sources_1/new/registers.vhd:33]
WARNING: [Synth 8-614] signal 'registerVals' is read in the process but is not in the sensitivity list [/home/bee/Projects/16BitCPU/16BitCPU/16BitCPU.srcs/sources_1/new/registers.vhd:50]
INFO: [Synth 8-256] done synthesizing module 'registers' (0#1) [/home/bee/Projects/16BitCPU/16BitCPU/16BitCPU.srcs/sources_1/new/registers.vhd:33]
INFO: [Synth 8-3491] module 'Sign_Extend' declared at '/home/bee/Projects/16BitCPU/16BitCPU/16BitCPU.srcs/sources_1/new/Sign_Extend.vhd:25' bound to instance 'signExtendCalc' of component 'signExtender' [/home/bee/Projects/16BitCPU/16BitCPU/16BitCPU.srcs/sources_1/new/cpuTopLevel.vhd:204]
INFO: [Synth 8-638] synthesizing module 'Sign_Extend' [/home/bee/Projects/16BitCPU/16BitCPU/16BitCPU.srcs/sources_1/new/Sign_Extend.vhd:31]
INFO: [Synth 8-256] done synthesizing module 'Sign_Extend' (0#1) [/home/bee/Projects/16BitCPU/16BitCPU/16BitCPU.srcs/sources_1/new/Sign_Extend.vhd:31]
INFO: [Synth 8-3491] module 'Mux' declared at '/home/bee/Projects/16BitCPU/16BitCPU/16BitCPU.srcs/sources_1/new/Mux.vhd:25' bound to instance 'ALUSrcMuxCalc' of component 'SixteenBitMux' [/home/bee/Projects/16BitCPU/16BitCPU/16BitCPU.srcs/sources_1/new/cpuTopLevel.vhd:206]
INFO: [Synth 8-638] synthesizing module 'Mux__parameterized0' [/home/bee/Projects/16BitCPU/16BitCPU/16BitCPU.srcs/sources_1/new/Mux.vhd:34]
	Parameter N bound to: 16 - type: integer 
INFO: [Synth 8-256] done synthesizing module 'Mux__parameterized0' (0#1) [/home/bee/Projects/16BitCPU/16BitCPU/16BitCPU.srcs/sources_1/new/Mux.vhd:34]
INFO: [Synth 8-3491] module 'ALU' declared at '/home/bee/Projects/16BitCPU/16BitCPU/16BitCPU.srcs/sources_1/new/aluDesign.vhd:23' bound to instance 'ALUCalc' of component 'alu' [/home/bee/Projects/16BitCPU/16BitCPU/16BitCPU.srcs/sources_1/new/cpuTopLevel.vhd:208]
INFO: [Synth 8-638] synthesizing module 'ALU' [/home/bee/Projects/16BitCPU/16BitCPU/16BitCPU.srcs/sources_1/new/aluDesign.vhd:57]
	Parameter N bound to: 16 - type: integer 
INFO: [Synth 8-3491] module 'nBitAdder' declared at '/home/bee/Projects/16BitCPU/16BitCPU/16BitCPU.srcs/sources_1/new/nBitAdder.vhd:26' bound to instance 'adder' of component 'nBitAdder' [/home/bee/Projects/16BitCPU/16BitCPU/16BitCPU.srcs/sources_1/new/aluDesign.vhd:82]
INFO: [Synth 8-638] synthesizing module 'nBitAdder' [/home/bee/Projects/16BitCPU/16BitCPU/16BitCPU.srcs/sources_1/new/nBitAdder.vhd:36]
INFO: [Synth 8-3491] module 'oneBitAdder' declared at '/home/bee/Projects/16BitCPU/16BitCPU/16BitCPU.srcs/sources_1/new/1bitAdder.vhd:26' bound to instance 'zeroBitAdder' of component 'oneBitAdder' [/home/bee/Projects/16BitCPU/16BitCPU/16BitCPU.srcs/sources_1/new/nBitAdder.vhd:46]
INFO: [Synth 8-638] synthesizing module 'oneBitAdder' [/home/bee/Projects/16BitCPU/16BitCPU/16BitCPU.srcs/sources_1/new/1bitAdder.vhd:34]
INFO: [Synth 8-256] done synthesizing module 'oneBitAdder' (0#1) [/home/bee/Projects/16BitCPU/16BitCPU/16BitCPU.srcs/sources_1/new/1bitAdder.vhd:34]
INFO: [Synth 8-3491] module 'oneBitAdder' declared at '/home/bee/Projects/16BitCPU/16BitCPU/16BitCPU.srcs/sources_1/new/1bitAdder.vhd:26' bound to instance 'iAdder' of component 'oneBitAdder' [/home/bee/Projects/16BitCPU/16BitCPU/16BitCPU.srcs/sources_1/new/nBitAdder.vhd:51]
INFO: [Synth 8-3491] module 'oneBitAdder' declared at '/home/bee/Projects/16BitCPU/16BitCPU/16BitCPU.srcs/sources_1/new/1bitAdder.vhd:26' bound to instance 'iAdder' of component 'oneBitAdder' [/home/bee/Projects/16BitCPU/16BitCPU/16BitCPU.srcs/sources_1/new/nBitAdder.vhd:51]
INFO: [Synth 8-3491] module 'oneBitAdder' declared at '/home/bee/Projects/16BitCPU/16BitCPU/16BitCPU.srcs/sources_1/new/1bitAdder.vhd:26' bound to instance 'iAdder' of component 'oneBitAdder' [/home/bee/Projects/16BitCPU/16BitCPU/16BitCPU.srcs/sources_1/new/nBitAdder.vhd:51]
INFO: [Synth 8-3491] module 'oneBitAdder' declared at '/home/bee/Projects/16BitCPU/16BitCPU/16BitCPU.srcs/sources_1/new/1bitAdder.vhd:26' bound to instance 'iAdder' of component 'oneBitAdder' [/home/bee/Projects/16BitCPU/16BitCPU/16BitCPU.srcs/sources_1/new/nBitAdder.vhd:51]
INFO: [Synth 8-3491] module 'oneBitAdder' declared at '/home/bee/Projects/16BitCPU/16BitCPU/16BitCPU.srcs/sources_1/new/1bitAdder.vhd:26' bound to instance 'iAdder' of component 'oneBitAdder' [/home/bee/Projects/16BitCPU/16BitCPU/16BitCPU.srcs/sources_1/new/nBitAdder.vhd:51]
INFO: [Synth 8-3491] module 'oneBitAdder' declared at '/home/bee/Projects/16BitCPU/16BitCPU/16BitCPU.srcs/sources_1/new/1bitAdder.vhd:26' bound to instance 'iAdder' of component 'oneBitAdder' [/home/bee/Projects/16BitCPU/16BitCPU/16BitCPU.srcs/sources_1/new/nBitAdder.vhd:51]
INFO: [Synth 8-3491] module 'oneBitAdder' declared at '/home/bee/Projects/16BitCPU/16BitCPU/16BitCPU.srcs/sources_1/new/1bitAdder.vhd:26' bound to instance 'iAdder' of component 'oneBitAdder' [/home/bee/Projects/16BitCPU/16BitCPU/16BitCPU.srcs/sources_1/new/nBitAdder.vhd:51]
INFO: [Synth 8-3491] module 'oneBitAdder' declared at '/home/bee/Projects/16BitCPU/16BitCPU/16BitCPU.srcs/sources_1/new/1bitAdder.vhd:26' bound to instance 'iAdder' of component 'oneBitAdder' [/home/bee/Projects/16BitCPU/16BitCPU/16BitCPU.srcs/sources_1/new/nBitAdder.vhd:51]
INFO: [Synth 8-3491] module 'oneBitAdder' declared at '/home/bee/Projects/16BitCPU/16BitCPU/16BitCPU.srcs/sources_1/new/1bitAdder.vhd:26' bound to instance 'iAdder' of component 'oneBitAdder' [/home/bee/Projects/16BitCPU/16BitCPU/16BitCPU.srcs/sources_1/new/nBitAdder.vhd:51]
INFO: [Synth 8-3491] module 'oneBitAdder' declared at '/home/bee/Projects/16BitCPU/16BitCPU/16BitCPU.srcs/sources_1/new/1bitAdder.vhd:26' bound to instance 'iAdder' of component 'oneBitAdder' [/home/bee/Projects/16BitCPU/16BitCPU/16BitCPU.srcs/sources_1/new/nBitAdder.vhd:51]
INFO: [Synth 8-3491] module 'oneBitAdder' declared at '/home/bee/Projects/16BitCPU/16BitCPU/16BitCPU.srcs/sources_1/new/1bitAdder.vhd:26' bound to instance 'iAdder' of component 'oneBitAdder' [/home/bee/Projects/16BitCPU/16BitCPU/16BitCPU.srcs/sources_1/new/nBitAdder.vhd:51]
INFO: [Synth 8-3491] module 'oneBitAdder' declared at '/home/bee/Projects/16BitCPU/16BitCPU/16BitCPU.srcs/sources_1/new/1bitAdder.vhd:26' bound to instance 'iAdder' of component 'oneBitAdder' [/home/bee/Projects/16BitCPU/16BitCPU/16BitCPU.srcs/sources_1/new/nBitAdder.vhd:51]
INFO: [Synth 8-3491] module 'oneBitAdder' declared at '/home/bee/Projects/16BitCPU/16BitCPU/16BitCPU.srcs/sources_1/new/1bitAdder.vhd:26' bound to instance 'iAdder' of component 'oneBitAdder' [/home/bee/Projects/16BitCPU/16BitCPU/16BitCPU.srcs/sources_1/new/nBitAdder.vhd:51]
INFO: [Synth 8-3491] module 'oneBitAdder' declared at '/home/bee/Projects/16BitCPU/16BitCPU/16BitCPU.srcs/sources_1/new/1bitAdder.vhd:26' bound to instance 'iAdder' of component 'oneBitAdder' [/home/bee/Projects/16BitCPU/16BitCPU/16BitCPU.srcs/sources_1/new/nBitAdder.vhd:51]
INFO: [Synth 8-3491] module 'oneBitAdder' declared at '/home/bee/Projects/16BitCPU/16BitCPU/16BitCPU.srcs/sources_1/new/1bitAdder.vhd:26' bound to instance 'iAdder' of component 'oneBitAdder' [/home/bee/Projects/16BitCPU/16BitCPU/16BitCPU.srcs/sources_1/new/nBitAdder.vhd:51]
INFO: [Synth 8-256] done synthesizing module 'nBitAdder' (0#1) [/home/bee/Projects/16BitCPU/16BitCPU/16BitCPU.srcs/sources_1/new/nBitAdder.vhd:36]
INFO: [Synth 8-3491] module 'nBitAdder' declared at '/home/bee/Projects/16BitCPU/16BitCPU/16BitCPU.srcs/sources_1/new/nBitAdder.vhd:26' bound to instance 'subtractor' of component 'nBitAdder' [/home/bee/Projects/16BitCPU/16BitCPU/16BitCPU.srcs/sources_1/new/aluDesign.vhd:85]
INFO: [Synth 8-3491] module 'nBitAdder' declared at '/home/bee/Projects/16BitCPU/16BitCPU/16BitCPU.srcs/sources_1/new/nBitAdder.vhd:26' bound to instance 'twoCompliment' of component 'nBitAdder' [/home/bee/Projects/16BitCPU/16BitCPU/16BitCPU.srcs/sources_1/new/aluDesign.vhd:89]
INFO: [Synth 8-3491] module 'comparator' declared at '/home/bee/Projects/16BitCPU/16BitCPU/16BitCPU.srcs/sources_1/new/comparator.vhd:26' bound to instance 'compare' of component 'comparator' [/home/bee/Projects/16BitCPU/16BitCPU/16BitCPU.srcs/sources_1/new/aluDesign.vhd:92]
INFO: [Synth 8-638] synthesizing module 'comparator' [/home/bee/Projects/16BitCPU/16BitCPU/16BitCPU.srcs/sources_1/new/comparator.vhd:31]
INFO: [Synth 8-256] done synthesizing module 'comparator' (0#1) [/home/bee/Projects/16BitCPU/16BitCPU/16BitCPU.srcs/sources_1/new/comparator.vhd:31]
INFO: [Synth 8-256] done synthesizing module 'ALU' (0#1) [/home/bee/Projects/16BitCPU/16BitCPU/16BitCPU.srcs/sources_1/new/aluDesign.vhd:57]
INFO: [Synth 8-3491] module 'aluControl' declared at '/home/bee/Projects/16BitCPU/16BitCPU/16BitCPU.srcs/sources_1/new/aluControl.vhd:25' bound to instance 'ALUControlUnitCalc' of component 'aluControlUnit' [/home/bee/Projects/16BitCPU/16BitCPU/16BitCPU.srcs/sources_1/new/cpuTopLevel.vhd:213]
INFO: [Synth 8-638] synthesizing module 'aluControl' [/home/bee/Projects/16BitCPU/16BitCPU/16BitCPU.srcs/sources_1/new/aluControl.vhd:33]
INFO: [Synth 8-226] default block is never used [/home/bee/Projects/16BitCPU/16BitCPU/16BitCPU.srcs/sources_1/new/aluControl.vhd:39]
INFO: [Synth 8-256] done synthesizing module 'aluControl' (0#1) [/home/bee/Projects/16BitCPU/16BitCPU/16BitCPU.srcs/sources_1/new/aluControl.vhd:33]
INFO: [Synth 8-3491] module 'Data_Memory' declared at '/home/bee/Projects/16BitCPU/16BitCPU/16BitCPU.srcs/sources_1/new/Data_Memory.vhd:34' bound to instance 'dataMemoryCalc' of component 'dataMemory' [/home/bee/Projects/16BitCPU/16BitCPU/16BitCPU.srcs/sources_1/new/cpuTopLevel.vhd:215]
INFO: [Synth 8-638] synthesizing module 'Data_Memory' [/home/bee/Projects/16BitCPU/16BitCPU/16BitCPU.srcs/sources_1/new/Data_Memory.vhd:44]
INFO: [Synth 8-256] done synthesizing module 'Data_Memory' (0#1) [/home/bee/Projects/16BitCPU/16BitCPU/16BitCPU.srcs/sources_1/new/Data_Memory.vhd:44]
INFO: [Synth 8-3491] module 'Mux' declared at '/home/bee/Projects/16BitCPU/16BitCPU/16BitCPU.srcs/sources_1/new/Mux.vhd:25' bound to instance 'memToRegMuxCalc' of component 'SixteenBitMux' [/home/bee/Projects/16BitCPU/16BitCPU/16BitCPU.srcs/sources_1/new/cpuTopLevel.vhd:217]
INFO: [Synth 8-3491] module 'adder2' declared at '/home/bee/Projects/16BitCPU/16BitCPU/16BitCPU.srcs/sources_1/new/adder2.vhd:35' bound to instance 'twoAdderCalc' of component 'twoAdder' [/home/bee/Projects/16BitCPU/16BitCPU/16BitCPU.srcs/sources_1/new/cpuTopLevel.vhd:221]
INFO: [Synth 8-638] synthesizing module 'adder2' [/home/bee/Projects/16BitCPU/16BitCPU/16BitCPU.srcs/sources_1/new/adder2.vhd:41]
INFO: [Synth 8-256] done synthesizing module 'adder2' (0#1) [/home/bee/Projects/16BitCPU/16BitCPU/16BitCPU.srcs/sources_1/new/adder2.vhd:41]
INFO: [Synth 8-3491] module 'jumpLeftShifter' declared at '/home/bee/Projects/16BitCPU/16BitCPU/16BitCPU.srcs/sources_1/new/shiftLeft2.vhd:25' bound to instance 'jumpAddressCalc' of component 'jumpLeftShifter' [/home/bee/Projects/16BitCPU/16BitCPU/16BitCPU.srcs/sources_1/new/cpuTopLevel.vhd:223]
INFO: [Synth 8-638] synthesizing module 'jumpLeftShifter' [/home/bee/Projects/16BitCPU/16BitCPU/16BitCPU.srcs/sources_1/new/shiftLeft2.vhd:30]
INFO: [Synth 8-256] done synthesizing module 'jumpLeftShifter' (0#1) [/home/bee/Projects/16BitCPU/16BitCPU/16BitCPU.srcs/sources_1/new/shiftLeft2.vhd:30]
INFO: [Synth 8-3491] module 'branchLeftShifter' declared at '/home/bee/Projects/16BitCPU/16BitCPU/16BitCPU.srcs/sources_1/new/branchLeftShifter.vhd:25' bound to instance 'branchAddressShifterCalc' of component 'branchLeftShifter' [/home/bee/Projects/16BitCPU/16BitCPU/16BitCPU.srcs/sources_1/new/cpuTopLevel.vhd:229]
INFO: [Synth 8-638] synthesizing module 'branchLeftShifter' [/home/bee/Projects/16BitCPU/16BitCPU/16BitCPU.srcs/sources_1/new/branchLeftShifter.vhd:30]
INFO: [Synth 8-256] done synthesizing module 'branchLeftShifter' (0#1) [/home/bee/Projects/16BitCPU/16BitCPU/16BitCPU.srcs/sources_1/new/branchLeftShifter.vhd:30]
INFO: [Synth 8-3491] module 'adder' declared at '/home/bee/Projects/16BitCPU/16BitCPU/16BitCPU.srcs/sources_1/new/adder.vhd:26' bound to instance 'branchAddressAdderCalc' of component 'adder' [/home/bee/Projects/16BitCPU/16BitCPU/16BitCPU.srcs/sources_1/new/cpuTopLevel.vhd:231]
INFO: [Synth 8-638] synthesizing module 'adder' [/home/bee/Projects/16BitCPU/16BitCPU/16BitCPU.srcs/sources_1/new/adder.vhd:33]
INFO: [Synth 8-256] done synthesizing module 'adder' (0#1) [/home/bee/Projects/16BitCPU/16BitCPU/16BitCPU.srcs/sources_1/new/adder.vhd:33]
INFO: [Synth 8-3491] module 'Mux' declared at '/home/bee/Projects/16BitCPU/16BitCPU/16BitCPU.srcs/sources_1/new/Mux.vhd:25' bound to instance 'branchMuxCalc' of component 'SixteenBitMux' [/home/bee/Projects/16BitCPU/16BitCPU/16BitCPU.srcs/sources_1/new/cpuTopLevel.vhd:233]
INFO: [Synth 8-3491] module 'Mux' declared at '/home/bee/Projects/16BitCPU/16BitCPU/16BitCPU.srcs/sources_1/new/Mux.vhd:25' bound to instance 'jumpMuxCalc' of component 'SixteenBitMux' [/home/bee/Projects/16BitCPU/16BitCPU/16BitCPU.srcs/sources_1/new/cpuTopLevel.vhd:235]
INFO: [Synth 8-256] done synthesizing module 'cpuTopLevel' (0#1) [/home/bee/Projects/16BitCPU/16BitCPU/16BitCPU.srcs/sources_1/new/cpuTopLevel.vhd:36]
INFO: [Synth 8-256] done synthesizing module 'topLevel' (0#1) [/home/bee/Projects/16BitCPU/16BitCPU/16BitCPU.srcs/sources_1/new/topLevel.vhd:42]
WARNING: [Synth 8-6014] Unused sequential element clock_cycle_reg was removed.  [/home/bee/Projects/16BitCPU/16BitCPU/16BitCPU.srcs/sources_1/new/Data_Memory.vhd:67]
WARNING: [Synth 8-6014] Unused sequential element ccCounter_reg was removed.  [/home/bee/Projects/16BitCPU/16BitCPU/16BitCPU.srcs/sources_1/new/cpuTopLevel.vhd:242]
WARNING: [Synth 8-3917] design topLevel has port LED[15] driven by constant 1
WARNING: [Synth 8-3917] design topLevel has port LED[14] driven by constant 1
WARNING: [Synth 8-3917] design topLevel has port LED[13] driven by constant 1
WARNING: [Synth 8-3917] design topLevel has port LED[12] driven by constant 1
WARNING: [Synth 8-3917] design topLevel has port LED[11] driven by constant 1
WARNING: [Synth 8-3917] design topLevel has port LED[10] driven by constant 1
WARNING: [Synth 8-3917] design topLevel has port LED[9] driven by constant 1
WARNING: [Synth 8-3917] design topLevel has port LED[8] driven by constant 1
WARNING: [Synth 8-3917] design topLevel has port LED[7] driven by constant 1
WARNING: [Synth 8-3917] design topLevel has port LED[6] driven by constant 1
WARNING: [Synth 8-3917] design topLevel has port LED[5] driven by constant 1
WARNING: [Synth 8-3917] design topLevel has port LED[4] driven by constant 1
WARNING: [Synth 8-3917] design topLevel has port LED[3] driven by constant 1
WARNING: [Synth 8-3917] design topLevel has port LED[2] driven by constant 1
WARNING: [Synth 8-3917] design topLevel has port LED[1] driven by constant 1
WARNING: [Synth 8-3917] design topLevel has port LED[0] driven by constant 1
WARNING: [Synth 8-7129] Port clk in module instructionMemory is either unconnected or has no load
WARNING: [Synth 8-7129] Port reset in module cpuTopLevel is either unconnected or has no load
WARNING: [Synth 8-7129] Port SW[15] in module topLevel is either unconnected or has no load
WARNING: [Synth 8-7129] Port SW[14] in module topLevel is either unconnected or has no load
WARNING: [Synth 8-7129] Port SW[13] in module topLevel is either unconnected or has no load
WARNING: [Synth 8-7129] Port SW[12] in module topLevel is either unconnected or has no load
WARNING: [Synth 8-7129] Port SW[11] in module topLevel is either unconnected or has no load
WARNING: [Synth 8-7129] Port SW[10] in module topLevel is either unconnected or has no load
WARNING: [Synth 8-7129] Port SW[9] in module topLevel is either unconnected or has no load
WARNING: [Synth 8-7129] Port SW[8] in module topLevel is either unconnected or has no load
WARNING: [Synth 8-7129] Port SW[7] in module topLevel is either unconnected or has no load
WARNING: [Synth 8-7129] Port SW[6] in module topLevel is either unconnected or has no load
WARNING: [Synth 8-7129] Port SW[5] in module topLevel is either unconnected or has no load
WARNING: [Synth 8-7129] Port SW[4] in module topLevel is either unconnected or has no load
WARNING: [Synth 8-7129] Port SW[3] in module topLevel is either unconnected or has no load
WARNING: [Synth 8-7129] Port SW[2] in module topLevel is either unconnected or has no load
WARNING: [Synth 8-7129] Port SW[1] in module topLevel is either unconnected or has no load
---------------------------------------------------------------------------------
Finished RTL Elaboration : Time (s): cpu = 00:00:08 ; elapsed = 00:00:09 . Memory (MB): peak = 2296.293 ; gain = 564.355 ; free physical = 326 ; free virtual = 7016
---------------------------------------------------------------------------------
---------------------------------------------------------------------------------
Start Handling Custom Attributes
---------------------------------------------------------------------------------
---------------------------------------------------------------------------------
Finished Handling Custom Attributes : Time (s): cpu = 00:00:08 ; elapsed = 00:00:09 . Memory (MB): peak = 2308.168 ; gain = 576.230 ; free physical = 326 ; free virtual = 7016
---------------------------------------------------------------------------------
---------------------------------------------------------------------------------
Finished RTL Optimization Phase 1 : Time (s): cpu = 00:00:08 ; elapsed = 00:00:09 . Memory (MB): peak = 2308.168 ; gain = 576.230 ; free physical = 326 ; free virtual = 7016
---------------------------------------------------------------------------------
Netlist sorting complete. Time (s): cpu = 00:00:00 ; elapsed = 00:00:00.01 . Memory (MB): peak = 2308.168 ; gain = 0.000 ; free physical = 326 ; free virtual = 7016
INFO: [Project 1-570] Preparing netlist for logic optimization

Processing XDC Constraints
Initializing timing engine
Parsing XDC File [/home/bee/Projects/16BitCPU/16BitCPU/16BitCPU.srcs/constrs_1/imports/givenSources/Nexys4DDR_Master.xdc]
Finished Parsing XDC File [/home/bee/Projects/16BitCPU/16BitCPU/16BitCPU.srcs/constrs_1/imports/givenSources/Nexys4DDR_Master.xdc]
INFO: [Project 1-236] Implementation specific constraints were found while reading constraint file [/home/bee/Projects/16BitCPU/16BitCPU/16BitCPU.srcs/constrs_1/imports/givenSources/Nexys4DDR_Master.xdc]. These constraints will be ignored for synthesis but will be used in implementation. Impacted constraints are listed in the file [.Xil/topLevel_propImpl.xdc].
Resolution: To avoid this warning, move constraints listed in [.Xil/topLevel_propImpl.xdc] to another XDC file and exclude this new file from synthesis with the used_in_synthesis property (File Properties dialog in GUI) and re-run elaboration/synthesis.
Completed Processing XDC Constraints

Netlist sorting complete. Time (s): cpu = 00:00:00 ; elapsed = 00:00:00 . Memory (MB): peak = 2450.918 ; gain = 0.000 ; free physical = 317 ; free virtual = 7007
INFO: [Project 1-111] Unisim Transformation Summary:
No Unisim elements were transformed.

Constraint Validation Runtime : Time (s): cpu = 00:00:00.01 ; elapsed = 00:00:00 . Memory (MB): peak = 2450.918 ; gain = 0.000 ; free physical = 317 ; free virtual = 7007
INFO: [Designutils 20-5440] No compile time benefit to using incremental synthesis; A full resynthesis will be run
INFO: [Designutils 20-4379] Flow is switching to default flow due to incremental criteria not met. If you would like to alter this behaviour and have the flow terminate instead, please set the following parameter config_implementation {autoIncr.Synth.RejectBehavior Terminate}
---------------------------------------------------------------------------------
Finished Constraint Validation : Time (s): cpu = 00:00:16 ; elapsed = 00:00:17 . Memory (MB): peak = 2450.918 ; gain = 718.980 ; free physical = 307 ; free virtual = 6995
---------------------------------------------------------------------------------
---------------------------------------------------------------------------------
Start Loading Part and Timing Information
---------------------------------------------------------------------------------
Loading part: xc7a100tcsg324-1
---------------------------------------------------------------------------------
Finished Loading Part and Timing Information : Time (s): cpu = 00:00:16 ; elapsed = 00:00:17 . Memory (MB): peak = 2450.918 ; gain = 718.980 ; free physical = 307 ; free virtual = 6995
---------------------------------------------------------------------------------
---------------------------------------------------------------------------------
Start Applying 'set_property' XDC Constraints
---------------------------------------------------------------------------------
---------------------------------------------------------------------------------
Finished applying 'set_property' XDC Constraints : Time (s): cpu = 00:00:16 ; elapsed = 00:00:17 . Memory (MB): peak = 2450.918 ; gain = 718.980 ; free physical = 307 ; free virtual = 6995
---------------------------------------------------------------------------------
WARNING: [Synth 8-327] inferring latch for variable 'C_reg' [/home/bee/Projects/16BitCPU/16BitCPU/16BitCPU.srcs/sources_1/new/aluDesign.vhd:101]
WARNING: [Synth 8-327] inferring latch for variable 'Zero_reg' [/home/bee/Projects/16BitCPU/16BitCPU/16BitCPU.srcs/sources_1/new/aluDesign.vhd:103]
WARNING: [Synth 8-327] inferring latch for variable 'output_reg' [/home/bee/Projects/16BitCPU/16BitCPU/16BitCPU.srcs/sources_1/new/aluControl.vhd:41]
WARNING: [Synth 8-327] inferring latch for variable 'ReadData_reg' [/home/bee/Projects/16BitCPU/16BitCPU/16BitCPU.srcs/sources_1/new/Data_Memory.vhd:73]
---------------------------------------------------------------------------------
Finished RTL Optimization Phase 2 : Time (s): cpu = 00:00:18 ; elapsed = 00:00:19 . Memory (MB): peak = 2450.918 ; gain = 718.980 ; free physical = 313 ; free virtual = 7007
---------------------------------------------------------------------------------
---------------------------------------------------------------------------------
Start RTL Component Statistics 
---------------------------------------------------------------------------------
Detailed RTL Component Info : 
+---Adders : 
	   2 Input   17 Bit       Adders := 1     
	   2 Input   16 Bit       Adders := 1     
+---XORs : 
	   2 Input     16 Bit         XORs := 2     
	   2 Input      1 Bit         XORs := 96    
+---Registers : 
	               16 Bit    Registers := 9     
+---Muxes : 
	   2 Input   16 Bit        Muxes := 5     
	   2 Input    8 Bit        Muxes := 2     
	   2 Input    3 Bit        Muxes := 1     
	   3 Input    2 Bit        Muxes := 1     
	  14 Input    1 Bit        Muxes := 8     
	   2 Input    1 Bit        Muxes := 12    
	  12 Input    1 Bit        Muxes := 1     
---------------------------------------------------------------------------------
Finished RTL Component Statistics 
---------------------------------------------------------------------------------
---------------------------------------------------------------------------------
Start Part Resource Summary
---------------------------------------------------------------------------------
Part Resources:
DSPs: 240 (col length:80)
BRAMs: 270 (col length: RAMB18 80 RAMB36 40)
---------------------------------------------------------------------------------
Finished Part Resource Summary
---------------------------------------------------------------------------------
---------------------------------------------------------------------------------
Start Cross Boundary and Area Optimization
---------------------------------------------------------------------------------
WARNING: [Synth 8-7080] Parallel synthesis criteria is not met
WARNING: [Synth 8-3917] design topLevel has port LED[15] driven by constant 1
WARNING: [Synth 8-3917] design topLevel has port LED[14] driven by constant 1
WARNING: [Synth 8-3917] design topLevel has port LED[13] driven by constant 1
WARNING: [Synth 8-3917] design topLevel has port LED[12] driven by constant 1
WARNING: [Synth 8-3917] design topLevel has port LED[11] driven by constant 1
WARNING: [Synth 8-3917] design topLevel has port LED[10] driven by constant 1
WARNING: [Synth 8-3917] design topLevel has port LED[9] driven by constant 1
WARNING: [Synth 8-3917] design topLevel has port LED[8] driven by constant 1
WARNING: [Synth 8-3917] design topLevel has port LED[7] driven by constant 1
WARNING: [Synth 8-3917] design topLevel has port LED[6] driven by constant 1
WARNING: [Synth 8-3917] design topLevel has port LED[5] driven by constant 1
WARNING: [Synth 8-3917] design topLevel has port LED[4] driven by constant 1
WARNING: [Synth 8-3917] design topLevel has port LED[3] driven by constant 1
WARNING: [Synth 8-3917] design topLevel has port LED[2] driven by constant 1
WARNING: [Synth 8-3917] design topLevel has port LED[1] driven by constant 1
WARNING: [Synth 8-3917] design topLevel has port LED[0] driven by constant 1
WARNING: [Synth 8-7129] Port clk in module instructionMemory is either unconnected or has no load
WARNING: [Synth 8-7129] Port readAddr[0] in module instructionMemory is either unconnected or has no load
WARNING: [Synth 8-7129] Port SW[15] in module topLevel is either unconnected or has no load
WARNING: [Synth 8-7129] Port SW[14] in module topLevel is either unconnected or has no load
WARNING: [Synth 8-7129] Port SW[13] in module topLevel is either unconnected or has no load
WARNING: [Synth 8-7129] Port SW[12] in module topLevel is either unconnected or has no load
WARNING: [Synth 8-7129] Port SW[11] in module topLevel is either unconnected or has no load
WARNING: [Synth 8-7129] Port SW[10] in module topLevel is either unconnected or has no load
WARNING: [Synth 8-7129] Port SW[9] in module topLevel is either unconnected or has no load
WARNING: [Synth 8-7129] Port SW[8] in module topLevel is either unconnected or has no load
WARNING: [Synth 8-7129] Port SW[7] in module topLevel is either unconnected or has no load
WARNING: [Synth 8-7129] Port SW[6] in module topLevel is either unconnected or has no load
WARNING: [Synth 8-7129] Port SW[5] in module topLevel is either unconnected or has no load
WARNING: [Synth 8-7129] Port SW[4] in module topLevel is either unconnected or has no load
WARNING: [Synth 8-7129] Port SW[3] in module topLevel is either unconnected or has no load
WARNING: [Synth 8-7129] Port SW[2] in module topLevel is either unconnected or has no load
WARNING: [Synth 8-7129] Port SW[1] in module topLevel is either unconnected or has no load
WARNING: [Synth 8-7129] Port CPU_RESETN in module topLevel is either unconnected or has no load
WARNING: [Synth 8-3332] Sequential element (cpuCalc/ALUCalc/C_reg[15]) is unused and will be removed from module topLevel.
WARNING: [Synth 8-3332] Sequential element (cpuCalc/ALUCalc/C_reg[14]) is unused and will be removed from module topLevel.
WARNING: [Synth 8-3332] Sequential element (cpuCalc/ALUCalc/C_reg[13]) is unused and will be removed from module topLevel.
WARNING: [Synth 8-3332] Sequential element (cpuCalc/ALUCalc/C_reg[12]) is unused and will be removed from module topLevel.
WARNING: [Synth 8-3332] Sequential element (cpuCalc/ALUCalc/C_reg[11]) is unused and will be removed from module topLevel.
WARNING: [Synth 8-3332] Sequential element (cpuCalc/ALUCalc/C_reg[10]) is unused and will be removed from module topLevel.
WARNING: [Synth 8-3332] Sequential element (cpuCalc/ALUCalc/C_reg[9]) is unused and will be removed from module topLevel.
WARNING: [Synth 8-3332] Sequential element (cpuCalc/ALUCalc/C_reg[8]) is unused and will be removed from module topLevel.
WARNING: [Synth 8-3332] Sequential element (cpuCalc/ALUCalc/C_reg[7]) is unused and will be removed from module topLevel.
WARNING: [Synth 8-3332] Sequential element (cpuCalc/ALUCalc/C_reg[6]) is unused and will be removed from module topLevel.
WARNING: [Synth 8-3332] Sequential element (cpuCalc/ALUCalc/C_reg[5]) is unused and will be removed from module topLevel.
WARNING: [Synth 8-3332] Sequential element (cpuCalc/ALUCalc/C_reg[4]) is unused and will be removed from module topLevel.
WARNING: [Synth 8-3332] Sequential element (cpuCalc/ALUCalc/C_reg[3]) is unused and will be removed from module topLevel.
WARNING: [Synth 8-3332] Sequential element (cpuCalc/ALUCalc/C_reg[2]) is unused and will be removed from module topLevel.
WARNING: [Synth 8-3332] Sequential element (cpuCalc/ALUCalc/C_reg[1]) is unused and will be removed from module topLevel.
WARNING: [Synth 8-3332] Sequential element (cpuCalc/ALUCalc/C_reg[0]) is unused and will be removed from module topLevel.
WARNING: [Synth 8-3332] Sequential element (cpuCalc/ALUCalc/Zero_reg) is unused and will be removed from module topLevel.
WARNING: [Synth 8-3332] Sequential element (cpuCalc/ALUControlUnitCalc/output_reg[3]) is unused and will be removed from module topLevel.
WARNING: [Synth 8-3332] Sequential element (cpuCalc/ALUControlUnitCalc/output_reg[2]) is unused and will be removed from module topLevel.
WARNING: [Synth 8-3332] Sequential element (cpuCalc/ALUControlUnitCalc/output_reg[1]) is unused and will be removed from module topLevel.
WARNING: [Synth 8-3332] Sequential element (cpuCalc/ALUControlUnitCalc/output_reg[0]) is unused and will be removed from module topLevel.
WARNING: [Synth 8-3332] Sequential element (cpuCalc/dataMemoryCalc/ReadData_reg[15]) is unused and will be removed from module topLevel.
WARNING: [Synth 8-3332] Sequential element (cpuCalc/dataMemoryCalc/ReadData_reg[14]) is unused and will be removed from module topLevel.
WARNING: [Synth 8-3332] Sequential element (cpuCalc/dataMemoryCalc/ReadData_reg[13]) is unused and will be removed from module topLevel.
WARNING: [Synth 8-3332] Sequential element (cpuCalc/dataMemoryCalc/ReadData_reg[12]) is unused and will be removed from module topLevel.
WARNING: [Synth 8-3332] Sequential element (cpuCalc/dataMemoryCalc/ReadData_reg[11]) is unused and will be removed from module topLevel.
WARNING: [Synth 8-3332] Sequential element (cpuCalc/dataMemoryCalc/ReadData_reg[10]) is unused and will be removed from module topLevel.
WARNING: [Synth 8-3332] Sequential element (cpuCalc/dataMemoryCalc/ReadData_reg[9]) is unused and will be removed from module topLevel.
WARNING: [Synth 8-3332] Sequential element (cpuCalc/dataMemoryCalc/ReadData_reg[8]) is unused and will be removed from module topLevel.
WARNING: [Synth 8-3332] Sequential element (cpuCalc/dataMemoryCalc/ReadData_reg[7]) is unused and will be removed from module topLevel.
WARNING: [Synth 8-3332] Sequential element (cpuCalc/dataMemoryCalc/ReadData_reg[6]) is unused and will be removed from module topLevel.
WARNING: [Synth 8-3332] Sequential element (cpuCalc/dataMemoryCalc/ReadData_reg[5]) is unused and will be removed from module topLevel.
WARNING: [Synth 8-3332] Sequential element (cpuCalc/dataMemoryCalc/ReadData_reg[4]) is unused and will be removed from module topLevel.
WARNING: [Synth 8-3332] Sequential element (cpuCalc/dataMemoryCalc/ReadData_reg[3]) is unused and will be removed from module topLevel.
WARNING: [Synth 8-3332] Sequential element (cpuCalc/dataMemoryCalc/ReadData_reg[2]) is unused and will be removed from module topLevel.
WARNING: [Synth 8-3332] Sequential element (cpuCalc/dataMemoryCalc/ReadData_reg[1]) is unused and will be removed from module topLevel.
WARNING: [Synth 8-3332] Sequential element (cpuCalc/dataMemoryCalc/ReadData_reg[0]) is unused and will be removed from module topLevel.
---------------------------------------------------------------------------------
Finished Cross Boundary and Area Optimization : Time (s): cpu = 00:00:23 ; elapsed = 00:00:24 . Memory (MB): peak = 2450.918 ; gain = 718.980 ; free physical = 320 ; free virtual = 7029
---------------------------------------------------------------------------------
---------------------------------------------------------------------------------
Start ROM, RAM, DSP, Shift Register and Retiming Reporting
---------------------------------------------------------------------------------

ROM: Preliminary Mapping Report
+------------------+-----------------+---------------+----------------+
|Module Name       | RTL Object      | Depth x Width | Implemented As | 
+------------------+-----------------+---------------+----------------+
|instructionMemory | instructionVals | 65536x16      | LUT            | 
+------------------+-----------------+---------------+----------------+

---------------------------------------------------------------------------------
Finished ROM, RAM, DSP, Shift Register and Retiming Reporting
---------------------------------------------------------------------------------
---------------------------------------------------------------------------------
Start Applying XDC Timing Constraints
---------------------------------------------------------------------------------
---------------------------------------------------------------------------------
Finished Applying XDC Timing Constraints : Time (s): cpu = 00:00:30 ; elapsed = 00:00:31 . Memory (MB): peak = 2450.918 ; gain = 718.980 ; free physical = 331 ; free virtual = 7033
---------------------------------------------------------------------------------
---------------------------------------------------------------------------------
Start Timing Optimization
---------------------------------------------------------------------------------
---------------------------------------------------------------------------------
Finished Timing Optimization : Time (s): cpu = 00:00:30 ; elapsed = 00:00:31 . Memory (MB): peak = 2450.918 ; gain = 718.980 ; free physical = 331 ; free virtual = 7033
---------------------------------------------------------------------------------
---------------------------------------------------------------------------------
Start Technology Mapping
---------------------------------------------------------------------------------
---------------------------------------------------------------------------------
Finished Technology Mapping : Time (s): cpu = 00:00:30 ; elapsed = 00:00:31 . Memory (MB): peak = 2450.918 ; gain = 718.980 ; free physical = 331 ; free virtual = 7033
---------------------------------------------------------------------------------
---------------------------------------------------------------------------------
Start IO Insertion
---------------------------------------------------------------------------------
---------------------------------------------------------------------------------
Start Flattening Before IO Insertion
---------------------------------------------------------------------------------
---------------------------------------------------------------------------------
Finished Flattening Before IO Insertion
---------------------------------------------------------------------------------
---------------------------------------------------------------------------------
Start Final Netlist Cleanup
---------------------------------------------------------------------------------
---------------------------------------------------------------------------------
Finished Final Netlist Cleanup
---------------------------------------------------------------------------------
---------------------------------------------------------------------------------
Finished IO Insertion : Time (s): cpu = 00:00:35 ; elapsed = 00:00:36 . Memory (MB): peak = 2450.918 ; gain = 718.980 ; free physical = 331 ; free virtual = 7035
---------------------------------------------------------------------------------
---------------------------------------------------------------------------------
Start Renaming Generated Instances
---------------------------------------------------------------------------------
---------------------------------------------------------------------------------
Finished Renaming Generated Instances : Time (s): cpu = 00:00:35 ; elapsed = 00:00:36 . Memory (MB): peak = 2450.918 ; gain = 718.980 ; free physical = 331 ; free virtual = 7035
---------------------------------------------------------------------------------
---------------------------------------------------------------------------------
Start Rebuilding User Hierarchy
---------------------------------------------------------------------------------
---------------------------------------------------------------------------------
Finished Rebuilding User Hierarchy : Time (s): cpu = 00:00:35 ; elapsed = 00:00:36 . Memory (MB): peak = 2450.918 ; gain = 718.980 ; free physical = 331 ; free virtual = 7035
---------------------------------------------------------------------------------
---------------------------------------------------------------------------------
Start Renaming Generated Ports
---------------------------------------------------------------------------------
---------------------------------------------------------------------------------
Finished Renaming Generated Ports : Time (s): cpu = 00:00:35 ; elapsed = 00:00:36 . Memory (MB): peak = 2450.918 ; gain = 718.980 ; free physical = 331 ; free virtual = 7035
---------------------------------------------------------------------------------
---------------------------------------------------------------------------------
Start Handling Custom Attributes
---------------------------------------------------------------------------------
---------------------------------------------------------------------------------
Finished Handling Custom Attributes : Time (s): cpu = 00:00:35 ; elapsed = 00:00:36 . Memory (MB): peak = 2450.918 ; gain = 718.980 ; free physical = 331 ; free virtual = 7035
---------------------------------------------------------------------------------
---------------------------------------------------------------------------------
Start Renaming Generated Nets
---------------------------------------------------------------------------------
---------------------------------------------------------------------------------
Finished Renaming Generated Nets : Time (s): cpu = 00:00:35 ; elapsed = 00:00:36 . Memory (MB): peak = 2450.918 ; gain = 718.980 ; free physical = 331 ; free virtual = 7035
---------------------------------------------------------------------------------
---------------------------------------------------------------------------------
Start Writing Synthesis Report
---------------------------------------------------------------------------------

Report BlackBoxes: 
+-+--------------+----------+
| |BlackBox name |Instances |
+-+--------------+----------+
+-+--------------+----------+

Report Cell Usage: 
+------+-----+------+
|      |Cell |Count |
+------+-----+------+
|1     |OBUF |    16|
+------+-----+------+
---------------------------------------------------------------------------------
Finished Writing Synthesis Report : Time (s): cpu = 00:00:35 ; elapsed = 00:00:36 . Memory (MB): peak = 2450.918 ; gain = 718.980 ; free physical = 331 ; free virtual = 7035
---------------------------------------------------------------------------------
Synthesis finished with 0 errors, 0 critical warnings and 76 warnings.
Synthesis Optimization Runtime : Time (s): cpu = 00:00:33 ; elapsed = 00:00:34 . Memory (MB): peak = 2450.918 ; gain = 576.230 ; free physical = 331 ; free virtual = 7035
Synthesis Optimization Complete : Time (s): cpu = 00:00:36 ; elapsed = 00:00:36 . Memory (MB): peak = 2450.926 ; gain = 718.980 ; free physical = 331 ; free virtual = 7035
INFO: [Project 1-571] Translating synthesized netlist
Netlist sorting complete. Time (s): cpu = 00:00:00 ; elapsed = 00:00:00 . Memory (MB): peak = 2450.926 ; gain = 0.000 ; free physical = 331 ; free virtual = 7035
INFO: [Project 1-570] Preparing netlist for logic optimization
INFO: [Opt 31-138] Pushed 0 inverter(s) to 0 load pin(s).
Netlist sorting complete. Time (s): cpu = 00:00:00 ; elapsed = 00:00:00 . Memory (MB): peak = 2450.926 ; gain = 0.000 ; free physical = 653 ; free virtual = 7360
INFO: [Project 1-111] Unisim Transformation Summary:
No Unisim elements were transformed.

Synth Design complete | Checksum: 1a2279be
INFO: [Common 17-83] Releasing license: Synthesis
97 Infos, 112 Warnings, 0 Critical Warnings and 0 Errors encountered.
synth_design completed successfully
synth_design: Time (s): cpu = 00:00:46 ; elapsed = 00:00:42 . Memory (MB): peak = 2450.926 ; gain = 1033.996 ; free physical = 653 ; free virtual = 7360
INFO: [Common 17-2834] synth_design peak Physical Memory [PSS] (MB): overall = 1981.032; main = 1607.557; forked = 422.610
INFO: [Common 17-2834] synth_design peak Virtual Memory [VSS] (MB): overall = 3484.395; main = 2450.922; forked = 1033.473
Write ShapeDB Complete: Time (s): cpu = 00:00:00.01 ; elapsed = 00:00:00 . Memory (MB): peak = 2450.926 ; gain = 0.000 ; free physical = 659 ; free virtual = 7365
INFO: [Common 17-1381] The checkpoint '/home/bee/Projects/16BitCPU/16BitCPU/16BitCPU.runs/synth_1/topLevel.dcp' has been generated.
INFO: [Vivado 12-24828] Executing command : report_utilization -file topLevel_utilization_synth.rpt -pb topLevel_utilization_synth.pb
INFO: [Common 17-206] Exiting Vivado at Mon Nov 18 19:10:14 2024...
